#
# A fatal error has been detected by the Java Runtime Environment:
#
#  EXCEPTION_ACCESS_VIOLATION (0xc0000005) at pc=0x000020001e7c2800, pid=8492, tid=3528
#
# JRE version: Java(TM) SE Runtime Environment (8.0_60-b27) (build 1.8.0_60-b27)
# Java VM: Java HotSpot(TM) 64-Bit Server VM (25.60-b23 mixed mode windows-amd64 compressed oops)
# Problematic frame:
# C  0x000020001e7c2800
#
# Failed to write core dump. Minidumps are not enabled by default on client versions of Windows
#
# If you would like to submit a bug report, please visit:
#   http://bugreport.java.com/bugreport/crash.jsp
# The crash happened outside the Java Virtual Machine in native code.
# See problematic frame for where to report the bug.
#

---------------  T H R E A D  ---------------

Current thread (0x0000000054f26800):  JavaThread "Finalizer" daemon [_thread_in_native, id=3528, stack(0x0000000056360000,0x0000000056460000)]

siginfo: ExceptionCode=0xc0000005, ExceptionInformation=0x0000000000000008 0x000020001e7c2800

Registers:
RAX=0x000007fee19effff, RBX=0x000000005bfa07d0, RCX=0x0000000000347a00, RDX=0x0000000000340d40
RSP=0x000000005645ee98, RBP=0x000000005645f030, RSI=0x000000005bf8c510, RDI=0x0000000000000628
R8 =0x0000000000000001, R9 =0x0000000000323778, R10=0x0000000000000001, R11=0x0000000000000203
R12=0x000000005bf8c500, R13=0x0000000000000000, R14=0x0000000000340d40, R15=0x000000005bf8c1a0
RIP=0x000020001e7c2800, EFLAGS=0x0000000000010206

Top of Stack: (sp=0x000000005645ee98)
0x000000005645ee98:   000007fee1888fb8 0000000000000001
0x000000005645eea8:   0000000000000001 0000000000000001
0x000000005645eeb8:   000000005bf8c510 fffffffffffffffe
0x000000005645eec8:   000000005bfa0770 0000000000000001
0x000000005645eed8:   000000005bf8c500 ffffffffffffff01
0x000000005645eee8:   000000000000001c 0000212c0000275c
0x000000005645eef8:   0000000000000008 0000000000000000
0x000000005645ef08:   0000000054f26800 0000000054f26800
0x000000005645ef18:   000000005645f058 0000000061565808
0x000000005645ef28:   0000000000000000 0000000000323770
0x000000005645ef38:   0000000000000001 0000000000340d40
0x000000005645ef48:   000007fee185790a 000000005bf8c1a0
0x000000005645ef58:   0000000000340d40 000000005bfa07d0
0x000000005645ef68:   000000005bf8c510 fffffffffffffffe
0x000000005645ef78:   0000000054882450 00000000c3e95710
0x000000005645ef88:   000007fee185fe36 0000000000340d40 

Instructions: (pc=0x000020001e7c2800)
0x000020001e7c27e0:   
[error occurred during error reporting (printing registers, top of stack, instructions near pc), id 0xc0000005]

Register to memory mapping:

RAX=0x000007fee19effff is an unknown value
RBX=0x000000005bfa07d0 is an unknown value
RCX=0x0000000000347a00 is an unknown value
RDX=0x0000000000340d40 is an unknown value
RSP=0x000000005645ee98 is pointing into the stack for thread: 0x0000000054f26800
RBP=0x000000005645f030 is pointing into the stack for thread: 0x0000000054f26800
RSI=0x000000005bf8c510 is an unknown value
RDI=0x0000000000000628 is an unknown value
R8 =0x0000000000000001 is an unknown value
R9 =0x0000000000323778 is an unknown value
R10=0x0000000000000001 is an unknown value
R11=0x0000000000000203 is an unknown value
R12=0x000000005bf8c500 is an unknown value
R13=0x0000000000000000 is an unknown value
R14=0x0000000000340d40 is an unknown value
R15=0x000000005bf8c1a0 is an unknown value


Stack: [0x0000000056360000,0x0000000056460000],  sp=0x000000005645ee98,  free space=1019k
Native frames: (J=compiled Java code, j=interpreted, Vv=VM code, C=native code)
C  0x000020001e7c2800

Java frames: (J=compiled Java code, j=interpreted, Vv=VM code)
j  com.leapmotion.leap.LeapJNI.delete_Controller(J)V+0
j  com.leapmotion.leap.Controller.delete()V+25
j  com.leapmotion.leap.Controller.finalize()V+1
j  java.lang.System$2.invokeFinalize(Ljava/lang/Object;)V+1
j  java.lang.ref.Finalizer.runFinalizer(Lsun/misc/JavaLangAccess;)V+46
j  java.lang.ref.Finalizer.access$100(Ljava/lang/ref/Finalizer;Lsun/misc/JavaLangAccess;)V+2
j  java.lang.ref.Finalizer$FinalizerThread.run()V+45
v  ~StubRoutines::call_stub

---------------  P R O C E S S  ---------------

Java Threads: ( => current thread )
  0x00000000569ab800 JavaThread "Thread-6" [_thread_blocked, id=4672, stack(0x0000000057760000,0x0000000057860000)]
  0x0000000057aa4800 JavaThread "Thread-5" [_thread_blocked, id=9276, stack(0x0000000067710000,0x0000000067810000)]
  0x000000005b3c9000 JavaThread "Thread-4" [_thread_blocked, id=9760, stack(0x000000005a4b0000,0x000000005a5b0000)]
  0x0000000057d8c800 JavaThread "Thread-3" [_thread_in_native, id=6308, stack(0x0000000060e40000,0x0000000060f40000)]
  0x0000000057f57800 JavaThread "TimerQueue" daemon [_thread_blocked, id=7368, stack(0x000000005ecb0000,0x000000005edb0000)]
  0x0000000057ce3000 JavaThread "D3D Screen Updater" daemon [_thread_in_native, id=8708, stack(0x000000005d270000,0x000000005d370000)]
  0x00000000022ce000 JavaThread "DestroyJavaVM" [_thread_blocked, id=10076, stack(0x0000000002490000,0x0000000002590000)]
  0x0000000056b53000 JavaThread "AWT-EventQueue-0" [_thread_blocked, id=8580, stack(0x0000000058310000,0x0000000058410000)]
  0x00000000569f9800 JavaThread "AWT-Windows" daemon [_thread_in_native, id=9840, stack(0x0000000056cf0000,0x0000000056df0000)]
  0x00000000569f8800 JavaThread "AWT-Shutdown" [_thread_blocked, id=10148, stack(0x0000000056560000,0x0000000056660000)]
  0x0000000056af9000 JavaThread "Java2D Disposer" daemon [_thread_blocked, id=9336, stack(0x00000000572c0000,0x00000000573c0000)]
  0x00000000567e6000 JavaThread "Service Thread" daemon [_thread_blocked, id=8644, stack(0x0000000057010000,0x0000000057110000)]
  0x0000000056762800 JavaThread "C1 CompilerThread2" daemon [_thread_blocked, id=4364, stack(0x0000000056e20000,0x0000000056f20000)]
  0x0000000054f8e800 JavaThread "C2 CompilerThread1" daemon [_thread_blocked, id=8440, stack(0x0000000056bf0000,0x0000000056cf0000)]
  0x0000000054f87000 JavaThread "C2 CompilerThread0" daemon [_thread_blocked, id=3476, stack(0x0000000056660000,0x0000000056760000)]
  0x0000000054f84800 JavaThread "Attach Listener" daemon [_thread_blocked, id=8696, stack(0x0000000056460000,0x0000000056560000)]
  0x0000000054f81000 JavaThread "Signal Dispatcher" daemon [_thread_blocked, id=9588, stack(0x0000000056120000,0x0000000056220000)]
=>0x0000000054f26800 JavaThread "Finalizer" daemon [_thread_in_native, id=3528, stack(0x0000000056360000,0x0000000056460000)]
  0x0000000054f1f800 JavaThread "Reference Handler" daemon [_thread_blocked, id=8684, stack(0x0000000056260000,0x0000000056360000)]

Other Threads:
  0x0000000054f1a000 VMThread [stack: 0x0000000055fe0000,0x00000000560e0000] [id=9516]
  0x00000000567ee800 WatcherThread [stack: 0x0000000057190000,0x0000000057290000] [id=9416]

VM state:not at safepoint (normal execution)

VM Mutex/Monitor currently owned by a thread: None

Heap:
 PSYoungGen      total 178176K, used 3965K [0x00000000ebb80000, 0x00000000fb180000, 0x0000000100000000)
  eden space 129024K, 3% used [0x00000000ebb80000,0x00000000ebf5f448,0x00000000f3980000)
  from space 49152K, 0% used [0x00000000f7300000,0x00000000f7300000,0x00000000fa300000)
  to   space 58880K, 0% used [0x00000000f3980000,0x00000000f3980000,0x00000000f7300000)
 ParOldGen       total 209920K, used 126406K [0x00000000c3200000, 0x00000000cff00000, 0x00000000ebb80000)
  object space 209920K, 60% used [0x00000000c3200000,0x00000000cad71ab0,0x00000000cff00000)
 Metaspace       used 15044K, capacity 15200K, committed 15488K, reserved 1062912K
  class space    used 1840K, capacity 1900K, committed 1920K, reserved 1048576K

Card table byte_map: [0x0000000011c20000,0x0000000011e10000] byte_map_base: 0x0000000011607000

Marking Bits: (ParMarkBitMap*) 0x000000006318a5b0
 Begin Bits: [0x0000000012530000, 0x0000000013468000)
 End Bits:   [0x0000000013468000, 0x00000000143a0000)

Polling page: 0x0000000000240000

CodeCache: size=245760Kb used=7736Kb max_used=7962Kb free=238023Kb
 bounds [0x0000000002860000, 0x0000000003070000, 0x0000000011860000]
 total_blobs=2650 nmethods=2092 adapters=470
 compilation: enabled

Compilation events (10 events):
Event: 41.765 Thread 0x0000000056762800 nmethod 2369 0x0000000003065310 code [0x0000000003065a40, 0x000000000306b0a8]
Event: 41.772 Thread 0x0000000054f87000 nmethod 2366 0x0000000002b20210 code [0x0000000002b20580, 0x0000000002b239d8]
Event: 41.963 Thread 0x0000000054f8e800 2370   !   4       javax.swing.JComponent::paintComponent (44 bytes)
Event: 41.969 Thread 0x0000000054f8e800 nmethod 2370 0x0000000002b364d0 code [0x0000000002b36640, 0x0000000002b369a8]
Event: 42.010 Thread 0x0000000054f87000 2371   !   4       java.awt.Font::equals (132 bytes)
Event: 42.013 Thread 0x0000000054f87000 nmethod 2371 0x0000000002bcb7d0 code [0x0000000002bcb920, 0x0000000002bcbbf8]
Event: 42.061 Thread 0x0000000054f8e800 2372       4       javax.swing.plaf.ComponentUI::update (36 bytes)
Event: 42.069 Thread 0x0000000054f8e800 nmethod 2372 0x0000000002a8bc90 code [0x0000000002a8be40, 0x0000000002a8c240]
Event: 42.182 Thread 0x0000000054f87000 2373 %     4       java.awt.EventDispatchThread::pumpEventsForFilter @ 10 (47 bytes)
Event: 42.187 Thread 0x0000000054f87000 nmethod 2373% 0x0000000002d27190 code [0x0000000002d27300, 0x0000000002d275b8]

GC Heap History (10 events):
Event: 14.264 GC heap before
{Heap before GC invocations=8 (full 3):
 PSYoungGen      total 56320K, used 2532K [0x00000000ebb80000, 0x00000000f5c00000, 0x0000000100000000)
  eden space 53760K, 0% used [0x00000000ebb80000,0x00000000ebb80000,0x00000000ef000000)
  from space 2560K, 98% used [0x00000000ef000000,0x00000000ef279150,0x00000000ef280000)
  to   space 37376K, 0% used [0x00000000f3780000,0x00000000f3780000,0x00000000f5c00000)
 ParOldGen       total 82432K, used 79266K [0x00000000c3200000, 0x00000000c8280000, 0x00000000ebb80000)
  object space 82432K, 96% used [0x00000000c3200000,0x00000000c7f68990,0x00000000c8280000)
 Metaspace       used 14768K, capacity 14958K, committed 15232K, reserved 1062912K
  class space    used 1793K, capacity 1865K, committed 1920K, reserved 1048576K
Event: 14.326 GC heap after
Heap after GC invocations=8 (full 3):
 PSYoungGen      total 56320K, used 0K [0x00000000ebb80000, 0x00000000f5c00000, 0x0000000100000000)
  eden space 53760K, 0% used [0x00000000ebb80000,0x00000000ebb80000,0x00000000ef000000)
  from space 2560K, 0% used [0x00000000ef000000,0x00000000ef000000,0x00000000ef280000)
  to   space 37376K, 0% used [0x00000000f3780000,0x00000000f3780000,0x00000000f5c00000)
 ParOldGen       total 133632K, used 57232K [0x00000000c3200000, 0x00000000cb480000, 0x00000000ebb80000)
  object space 133632K, 42% used [0x00000000c3200000,0x00000000c69e42f0,0x00000000cb480000)
 Metaspace       used 14768K, capacity 14958K, committed 15232K, reserved 1062912K
  class space    used 1793K, capacity 1865K, committed 1920K, reserved 1048576K
}
Event: 21.007 GC heap before
{Heap before GC invocations=9 (full 3):
 PSYoungGen      total 56320K, used 51730K [0x00000000ebb80000, 0x00000000f5c00000, 0x0000000100000000)
  eden space 53760K, 96% used [0x00000000ebb80000,0x00000000eee04828,0x00000000ef000000)
  from space 2560K, 0% used [0x00000000ef000000,0x00000000ef000000,0x00000000ef280000)
  to   space 37376K, 0% used [0x00000000f3780000,0x00000000f3780000,0x00000000f5c00000)
 ParOldGen       total 133632K, used 57232K [0x00000000c3200000, 0x00000000cb480000, 0x00000000ebb80000)
  object space 133632K, 42% used [0x00000000c3200000,0x00000000c69e42f0,0x00000000cb480000)
 Metaspace       used 14834K, capacity 15022K, committed 15232K, reserved 1062912K
  class space    used 1793K, capacity 1865K, committed 1920K, reserved 1048576K
Event: 21.018 GC heap after
Heap after GC invocations=9 (full 3):
 PSYoungGen      total 124416K, used 24118K [0x00000000ebb80000, 0x00000000f6000000, 0x0000000100000000)
  eden space 87040K, 0% used [0x00000000ebb80000,0x00000000ebb80000,0x00000000f1080000)
  from space 37376K, 64% used [0x00000000f3780000,0x00000000f4f0d850,0x00000000f5c00000)
  to   space 39936K, 0% used [0x00000000f1080000,0x00000000f1080000,0x00000000f3780000)
 ParOldGen       total 133632K, used 57240K [0x00000000c3200000, 0x00000000cb480000, 0x00000000ebb80000)
  object space 133632K, 42% used [0x00000000c3200000,0x00000000c69e62f0,0x00000000cb480000)
 Metaspace       used 14834K, capacity 15022K, committed 15232K, reserved 1062912K
  class space    used 1793K, capacity 1865K, committed 1920K, reserved 1048576K
}
Event: 30.332 GC heap before
{Heap before GC invocations=10 (full 3):
 PSYoungGen      total 124416K, used 106547K [0x00000000ebb80000, 0x00000000f6000000, 0x0000000100000000)
  eden space 87040K, 94% used [0x00000000ebb80000,0x00000000f0bff610,0x00000000f1080000)
  from space 37376K, 64% used [0x00000000f3780000,0x00000000f4f0d850,0x00000000f5c00000)
  to   space 39936K, 0% used [0x00000000f1080000,0x00000000f1080000,0x00000000f3780000)
 ParOldGen       total 133632K, used 57240K [0x00000000c3200000, 0x00000000cb480000, 0x00000000ebb80000)
  object space 133632K, 42% used [0x00000000c3200000,0x00000000c69e62f0,0x00000000cb480000)
 Metaspace       used 14866K, capacity 15034K, committed 15232K, reserved 1062912K
  class space    used 1794K, capacity 1867K, committed 1920K, reserved 1048576K
Event: 30.364 GC heap after
Heap after GC invocations=10 (full 3):
 PSYoungGen      total 126976K, used 39584K [0x00000000ebb80000, 0x00000000fa300000, 0x0000000100000000)
  eden space 87040K, 0% used [0x00000000ebb80000,0x00000000ebb80000,0x00000000f1080000)
  from space 39936K, 99% used [0x00000000f1080000,0x00000000f3728170,0x00000000f3780000)
  to   space 49152K, 0% used [0x00000000f7300000,0x00000000f7300000,0x00000000fa300000)
 ParOldGen       total 133632K, used 81098K [0x00000000c3200000, 0x00000000cb480000, 0x00000000ebb80000)
  object space 133632K, 60% used [0x00000000c3200000,0x00000000c8132b50,0x00000000cb480000)
 Metaspace       used 14866K, capacity 15034K, committed 15232K, reserved 1062912K
  class space    used 1794K, capacity 1867K, committed 1920K, reserved 1048576K
}
Event: 42.311 GC heap before
{Heap before GC invocations=11 (full 3):
 PSYoungGen      total 126976K, used 126624K [0x00000000ebb80000, 0x00000000fa300000, 0x0000000100000000)
  eden space 87040K, 100% used [0x00000000ebb80000,0x00000000f1080000,0x00000000f1080000)
  from space 39936K, 99% used [0x00000000f1080000,0x00000000f3728170,0x00000000f3780000)
  to   space 49152K, 0% used [0x00000000f7300000,0x00000000f7300000,0x00000000fa300000)
 ParOldGen       total 133632K, used 81098K [0x00000000c3200000, 0x00000000cb480000, 0x00000000ebb80000)
  object space 133632K, 60% used [0x00000000c3200000,0x00000000c8132b50,0x00000000cb480000)
 Metaspace       used 15044K, capacity 15200K, committed 15488K, reserved 1062912K
  class space    used 1840K, capacity 1900K, committed 1920K, reserved 1048576K
Event: 42.362 GC heap after
Heap after GC invocations=11 (full 3):
 PSYoungGen      total 178176K, used 49149K [0x00000000ebb80000, 0x00000000fb180000, 0x0000000100000000)
  eden space 129024K, 0% used [0x00000000ebb80000,0x00000000ebb80000,0x00000000f3980000)
  from space 49152K, 99% used [0x00000000f7300000,0x00000000fa2ff7a0,0x00000000fa300000)
  to   space 58880K, 0% used [0x00000000f3980000,0x00000000f3980000,0x00000000f7300000)
 ParOldGen       total 133632K, used 105806K [0x00000000c3200000, 0x00000000cb480000, 0x00000000ebb80000)
  object space 133632K, 79% used [0x00000000c3200000,0x00000000c9953980,0x00000000cb480000)
 Metaspace       used 15044K, capacity 15200K, committed 15488K, reserved 1062912K
  class space    used 1840K, capacity 1900K, committed 1920K, reserved 1048576K
}
Event: 42.362 GC heap before
{Heap before GC invocations=12 (full 4):
 PSYoungGen      total 178176K, used 49149K [0x00000000ebb80000, 0x00000000fb180000, 0x0000000100000000)
  eden space 129024K, 0% used [0x00000000ebb80000,0x00000000ebb80000,0x00000000f3980000)
  from space 49152K, 99% used [0x00000000f7300000,0x00000000fa2ff7a0,0x00000000fa300000)
  to   space 58880K, 0% used [0x00000000f3980000,0x00000000f3980000,0x00000000f7300000)
 ParOldGen       total 133632K, used 105806K [0x00000000c3200000, 0x00000000cb480000, 0x00000000ebb80000)
  object space 133632K, 79% used [0x00000000c3200000,0x00000000c9953980,0x00000000cb480000)
 Metaspace       used 15044K, capacity 15200K, committed 15488K, reserved 1062912K
  class space    used 1840K, capacity 1900K, committed 1920K, reserved 1048576K
Event: 42.415 GC heap after
Heap after GC invocations=12 (full 4):
 PSYoungGen      total 178176K, used 0K [0x00000000ebb80000, 0x00000000fb180000, 0x0000000100000000)
  eden space 129024K, 0% used [0x00000000ebb80000,0x00000000ebb80000,0x00000000f3980000)
  from space 49152K, 0% used [0x00000000f7300000,0x00000000f7300000,0x00000000fa300000)
  to   space 58880K, 0% used [0x00000000f3980000,0x00000000f3980000,0x00000000f7300000)
 ParOldGen       total 209920K, used 126406K [0x00000000c3200000, 0x00000000cff00000, 0x00000000ebb80000)
  object space 209920K, 60% used [0x00000000c3200000,0x00000000cad71ab0,0x00000000cff00000)
 Metaspace       used 15044K, capacity 15200K, committed 15488K, reserved 1062912K
  class space    used 1840K, capacity 1900K, committed 1920K, reserved 1048576K
}

Deoptimization events (10 events):
Event: 36.419 Thread 0x0000000056b53000 Uncommon trap: reason=class_check action=maybe_recompile pc=0x0000000002ffb9f8 method=java.awt.EventQueue.uncacheEQItem(Lsun/awt/EventQueueItem;)V @ 33
Event: 36.427 Thread 0x0000000056b53000 Uncommon trap: reason=class_check action=maybe_recompile pc=0x0000000002e7c1e4 method=java.awt.EventQueue.uncacheEQItem(Lsun/awt/EventQueueItem;)V @ 33
Event: 36.428 Thread 0x0000000057f57800 Uncommon trap: reason=unstable_if action=reinterpret pc=0x0000000002fb742c method=java.util.PriorityQueue.siftDownComparable(ILjava/lang/Object;)V @ 90
Event: 36.428 Thread 0x0000000057f57800 Uncommon trap: reason=unstable_if action=reinterpret pc=0x0000000002fb3070 method=java.util.PriorityQueue.siftDownComparable(ILjava/lang/Object;)V @ 90
Event: 36.430 Thread 0x0000000057f57800 Uncommon trap: reason=unstable_if action=reinterpret pc=0x0000000002fb2274 method=java.util.PriorityQueue.siftDownComparable(ILjava/lang/Object;)V @ 90
Event: 36.819 Thread 0x0000000056b53000 Uncommon trap: reason=class_check action=maybe_recompile pc=0x0000000002ef53ac method=javax.swing.RepaintManager.addDirtyRegion0(Ljava/awt/Container;IIII)V @ 91
Event: 37.331 Thread 0x0000000056b53000 Uncommon trap: reason=class_check action=maybe_recompile pc=0x0000000002eecf60 method=javax.swing.RepaintManager.addDirtyRegion0(Ljava/awt/Container;IIII)V @ 91
Event: 40.475 Thread 0x0000000056b53000 Uncommon trap: reason=unstable_if action=reinterpret pc=0x00000000030140a0 method=java.awt.Container$MouseEventTargetFilter.accept(Ljava/awt/Component;)Z @ 57
Event: 41.163 Thread 0x0000000056b53000 Uncommon trap: reason=class_check action=maybe_recompile pc=0x00000000029c1dcc method=java.lang.String.equals(Ljava/lang/Object;)Z @ 8
Event: 41.492 Thread 0x0000000056b53000 Uncommon trap: reason=class_check action=maybe_recompile pc=0x0000000002fcafcc method=sun.java2d.SurfaceData.getSourceSurfaceData(Ljava/awt/Image;ILsun/java2d/loops/CompositeType;Ljava/awt/Color;)Lsun/java2d/SurfaceData; @ 78

Internal exceptions (10 events):
Event: 1.686 Thread 0x0000000056b53000 Exception <a 'java/io/FileNotFoundException'> (0x00000000ebf6c348) thrown at [C:\re\workspace\8-2-build-windows-amd64-cygwin\jdk8u60\4407\hotspot\src\share\vm\prims\jni.cpp, line 709]
Event: 1.687 Thread 0x0000000056b53000 Exception <a 'java/io/FileNotFoundException'> (0x00000000ebf6e5f0) thrown at [C:\re\workspace\8-2-build-windows-amd64-cygwin\jdk8u60\4407\hotspot\src\share\vm\prims\jni.cpp, line 709]
Event: 1.691 Thread 0x0000000056b53000 Exception <a 'java/io/FileNotFoundException'> (0x00000000ebf7bdd8) thrown at [C:\re\workspace\8-2-build-windows-amd64-cygwin\jdk8u60\4407\hotspot\src\share\vm\prims\jni.cpp, line 709]
Event: 1.692 Thread 0x0000000056b53000 Exception <a 'java/io/FileNotFoundException'> (0x00000000ebf7e428) thrown at [C:\re\workspace\8-2-build-windows-amd64-cygwin\jdk8u60\4407\hotspot\src\share\vm\prims\jni.cpp, line 709]
Event: 1.694 Thread 0x0000000056b53000 Exception <a 'java/io/FileNotFoundException'> (0x00000000ebf85dc8) thrown at [C:\re\workspace\8-2-build-windows-amd64-cygwin\jdk8u60\4407\hotspot\src\share\vm\prims\jni.cpp, line 709]
Event: 1.694 Thread 0x0000000056b53000 Exception <a 'java/io/FileNotFoundException'> (0x00000000ebf872c0) thrown at [C:\re\workspace\8-2-build-windows-amd64-cygwin\jdk8u60\4407\hotspot\src\share\vm\prims\jni.cpp, line 709]
Event: 1.695 Thread 0x0000000056b53000 Exception <a 'java/io/FileNotFoundException'> (0x00000000ebf8c968) thrown at [C:\re\workspace\8-2-build-windows-amd64-cygwin\jdk8u60\4407\hotspot\src\share\vm\prims\jni.cpp, line 709]
Event: 3.701 Thread 0x0000000056b53000 Implicit null exception at 0x0000000002ccc9c6 to 0x0000000002ccd049
Event: 3.701 Thread 0x0000000056b53000 Implicit null exception at 0x0000000002cc7f8f to 0x0000000002cc81e9
Event: 3.771 Thread 0x0000000056b53000 Implicit null exception at 0x0000000002b818c5 to 0x0000000002b81a01

Events (10 events):
Event: 42.435 Executing VM operation: RevokeBias
Event: 42.435 Executing VM operation: RevokeBias done
Event: 42.435 Executing VM operation: RevokeBias
Event: 42.435 Executing VM operation: RevokeBias done
Event: 42.435 Executing VM operation: RevokeBias
Event: 42.435 Executing VM operation: RevokeBias done
Event: 42.435 Executing VM operation: RevokeBias
Event: 42.435 Executing VM operation: RevokeBias done
Event: 42.435 Executing VM operation: RevokeBias
Event: 42.435 Executing VM operation: RevokeBias done


Dynamic libraries:
0x000000013f390000 - 0x000000013f3c7000 	C:\Program Files\Java\jre1.8.0_60\bin\javaw.exe
0x0000000077c50000 - 0x0000000077df9000 	C:\Windows\SYSTEM32\ntdll.dll
0x0000000077b30000 - 0x0000000077c50000 	C:\Windows\system32\kernel32.dll
0x000007fefc980000 - 0x000007fefc9ec000 	C:\Windows\system32\KERNELBASE.dll
0x000007fefe2f0000 - 0x000007fefe3cb000 	C:\Windows\system32\ADVAPI32.dll
0x000007fefde60000 - 0x000007fefdeff000 	C:\Windows\system32\msvcrt.dll
0x000007fefdf00000 - 0x000007fefdf1f000 	C:\Windows\SYSTEM32\sechost.dll
0x000007fefe920000 - 0x000007fefea4d000 	C:\Windows\system32\RPCRT4.dll
0x0000000077a30000 - 0x0000000077b2a000 	C:\Windows\system32\USER32.dll
0x000007fefeb60000 - 0x000007fefebc7000 	C:\Windows\system32\GDI32.dll
0x000007fefec30000 - 0x000007fefec3e000 	C:\Windows\system32\LPK.dll
0x000007fefd8c0000 - 0x000007fefd989000 	C:\Windows\system32\USP10.dll
0x000007fefb0b0000 - 0x000007fefb2a4000 	C:\Windows\WinSxS\amd64_microsoft.windows.common-controls_6595b64144ccf1df_6.0.7601.18837_none_fa3b1e3d17594757\COMCTL32.dll
0x000007fefe270000 - 0x000007fefe2e1000 	C:\Windows\system32\SHLWAPI.dll
0x000007fefe240000 - 0x000007fefe26e000 	C:\Windows\system32\IMM32.DLL
0x000007fefea50000 - 0x000007fefeb59000 	C:\Windows\system32\MSCTF.dll
0x000007fef6ad0000 - 0x000007fef6b49000 	C:\Program Files (x86)\AVG\Av\avghooka.dll
0x0000000062600000 - 0x00000000626d2000 	C:\Program Files\Java\jre1.8.0_60\bin\msvcr100.dll
0x0000000062980000 - 0x0000000063209000 	C:\Program Files\Java\jre1.8.0_60\bin\server\jvm.dll
0x000007fef7960000 - 0x000007fef7969000 	C:\Windows\system32\WSOCK32.dll
0x000007fefdba0000 - 0x000007fefdbed000 	C:\Windows\system32\WS2_32.dll
0x000007fefe780000 - 0x000007fefe788000 	C:\Windows\system32\NSI.dll
0x000007fefa7d0000 - 0x000007fefa80b000 	C:\Windows\system32\WINMM.dll
0x000007fefb770000 - 0x000007fefb77c000 	C:\Windows\system32\VERSION.dll
0x0000000077e20000 - 0x0000000077e27000 	C:\Windows\system32\PSAPI.DLL
0x0000000074dc0000 - 0x0000000074dcf000 	C:\Program Files\Java\jre1.8.0_60\bin\verify.dll
0x0000000074d90000 - 0x0000000074db9000 	C:\Program Files\Java\jre1.8.0_60\bin\java.dll
0x0000000074d70000 - 0x0000000074d86000 	C:\Program Files\Java\jre1.8.0_60\bin\zip.dll
0x000007fefca90000 - 0x000007fefd819000 	C:\Windows\system32\SHELL32.dll
0x000007fefd990000 - 0x000007fefdb93000 	C:\Windows\system32\ole32.dll
0x000007fefc6e0000 - 0x000007fefc6ef000 	C:\Windows\system32\profapi.dll
0x0000000062460000 - 0x00000000625f8000 	C:\Program Files\Java\jre1.8.0_60\bin\awt.dll
0x000007fefe6a0000 - 0x000007fefe777000 	C:\Windows\system32\OLEAUT32.dll
0x000007fefa790000 - 0x000007fefa7a8000 	C:\Windows\system32\DWMAPI.DLL
0x000007fefaca0000 - 0x000007fefacf6000 	C:\Windows\system32\uxtheme.dll
0x000007fefc530000 - 0x000007fefc53f000 	C:\Windows\system32\CRYPTBASE.dll
0x000007fee2100000 - 0x000007fee22ff000 	C:\Windows\system32\d3d9.dll
0x000007feeb6d0000 - 0x000007feeb6d7000 	C:\Windows\system32\d3d8thk.dll
0x000007feeafa0000 - 0x000007feeafad000 	C:\Windows\system32\atiu9p64.dll
0x0000000063390000 - 0x000000006388f000 	C:\Windows\system32\atiumd64.dll
0x000000005ac70000 - 0x000000005af8b000 	C:\Windows\system32\atiumd6a.dll
0x000007fefbed0000 - 0x000007fefbee8000 	C:\Windows\system32\CRYPTSP.dll
0x000007fefbbd0000 - 0x000007fefbc17000 	C:\Windows\system32\rsaenh.dll
0x000007fefc9f0000 - 0x000007fefca0e000 	C:\Windows\system32\USERENV.dll
0x00000000749d0000 - 0x00000000749ea000 	C:\Program Files\Java\jre1.8.0_60\bin\net.dll
0x000007fefbe70000 - 0x000007fefbec5000 	C:\Windows\system32\mswsock.dll
0x000007fefbe60000 - 0x000007fefbe67000 	C:\Windows\System32\wship6.dll
0x000007fef91f0000 - 0x000007fef9217000 	C:\Windows\system32\IPHLPAPI.DLL
0x000007fef9460000 - 0x000007fef946b000 	C:\Windows\system32\WINNSI.DLL
0x000007fef90a0000 - 0x000007fef90b8000 	C:\Windows\system32\dhcpcsvc.DLL
0x000007fef8d30000 - 0x000007fef8d41000 	C:\Windows\system32\dhcpcsvc6.DLL
0x0000000069ee0000 - 0x0000000069ef1000 	C:\Program Files\Java\jre1.8.0_60\bin\nio.dll
0x0000000065560000 - 0x00000000655a7000 	C:\Program Files\Java\jre1.8.0_60\bin\fontmanager.dll
0x00000000022d0000 - 0x0000000002335000 	C:\Program Files\WIDCOMM\Bluetooth Software\btmmhook.dll
0x000007fefd820000 - 0x000007fefd8b9000 	C:\Windows\system32\CLBCatQ.DLL
0x0000000063250000 - 0x0000000063292000 	C:\Program Files\Java\jre1.8.0_60\bin\t2k.dll
0x000007fefa5e0000 - 0x000007fefa741000 	C:\Windows\system32\WindowsCodecs.dll
0x000007fefc4d0000 - 0x000007fefc527000 	C:\Windows\system32\apphelp.dll
0x000007fef8040000 - 0x000007fef8100000 	C:\Program Files (x86)\Google\Drive\googledrivesync64.dll
0x0000000070c00000 - 0x0000000070cd3000 	C:\Windows\WinSxS\amd64_microsoft.vc90.crt_1fc8b3b9a1e18e3b_9.0.30729.6161_none_08e61857a83bc251\MSVCP90.dll
0x0000000070ce0000 - 0x0000000070d83000 	C:\Windows\WinSxS\amd64_microsoft.vc90.crt_1fc8b3b9a1e18e3b_9.0.30729.6161_none_08e61857a83bc251\MSVCR90.dll
0x000007fef8000000 - 0x000007fef803b000 	C:\Users\Scotty\AppData\Roaming\Dropbox\bin\DropboxExt64.28.dll
0x000007feec0b0000 - 0x000007feec0ee000 	C:\Users\Scotty\git\SignLanguageProject\SignLanguageProject\LeapJava.dll
0x000007feeaef0000 - 0x000007feeaf96000 	C:\Program Files\Java\jre1.8.0_60\bin\MSVCP120.dll
0x000007feeacb0000 - 0x000007feead9f000 	C:\Program Files\Java\jre1.8.0_60\bin\MSVCR120.dll
0x000007fee1840000 - 0x000007fee1a9e000 	C:\Users\Scotty\git\SignLanguageProject\SignLanguageProject\Leap.dll
0x000007fefa8a0000 - 0x000007fefa8cd000 	C:\Windows\system32\ntmarta.dll
0x000007fefebd0000 - 0x000007fefec22000 	C:\Windows\system32\WLDAP32.dll
0x000007fef2020000 - 0x000007fef2145000 	C:\Windows\system32\dbghelp.dll

VM Arguments:
jvm_args: -Dfile.encoding=Cp1252 
java_command: front.GUIv2
java_class_path (initial): C:\Users\Scotty\git\SignLanguageProject\SignLanguageProject\bin;C:\Users\Scotty\git\SignLanguageProject\SignLanguageProject\dependencies\LeapJava.jar
Launcher Type: SUN_STANDARD

Environment Variables:
CLASSPATH=C:\Program Files (x86)\OpenNI\Bin\org.OpenNI.jar
PATH=C:\Users\Scotty\git\SignLanguageProject\SignLanguageProject;s/Java/jre1.8.0_60/bin;C:/Program Files/Java/jre1.8.0_60/lib/amd64;C:\ProgramData\Oracle\Java\javapath;C:\Program Files (x86)\NVIDIA Corporation\PhysX\Common;C:\Program Files\Common Files\Microsoft Shared\Windows Live;C:\Program Files (x86)\Common Files\Microsoft Shared\Windows Live;C:\Windows\system32;C:\Windows;C:\Windows\System32\Wbem;C:\Windows\System32\WindowsPowerShell\v1.0\;C:\Program Files (x86)\Windows Live\Shared;C:\Program Files (x86)\ATI Technologies\ATI.ACE\Core-Static;C:\Program Files\Broadcom\Broadcom 802.11\Driver;C:\Program Files\WIDCOMM\Bluetooth Software\;C:\Program Files\WIDCOMM\Bluetooth Software\syswow64;C:\Program Files (x86)\Autodesk\Backburner\;C:\Program Files (x86)\QuickTime\QTSystem\;C:\Program Files (x86)\Skype\Phone\;C:\Program Files (x86)\AMD\ATI.ACE\Core-Static;C:\Program Files (x86)\OpenNI\Bin;C:\Program Files (x86)\PrimeSense\NITE\bin;C:\Users\Scotty\Documents\University\MDDN 412\eclipse;C:/Program Files/Java/jre1.8.0_60/bin/server;C:/Program Files/Java/jre1.8.0_60/bin;C:/Program Files/Java/jre1.8.0_60/lib/amd64;C:\ProgramData\Oracle\Java\javapath;C:\Program Files (x86)\NVIDIA Corporation\PhysX\Common;C:\Program Files\Common Files\Microsoft Shared\Windows Live;C:\Program Files (x86)\Common Files\Microsoft Shared\Windows Live;C:\Windows\system32;C:\Windows;C:\Windows\System32\Wbem;C:\Windows\System32\WindowsPowerShell\v1.0\;C:\Program Files (x86)\Windows Live\Shared;C:\Program Files (x86)\ATI Technologies\ATI.ACE\Core-Static;C:\Program Files\Broadcom\Broadcom 802.11\Driver;C:\Program Files\WIDCOMM\Bluetooth Software\;C:\Program Files\WIDCOMM\Bluetooth Software\syswow64;C:\Program Files (x86)\Autodesk\Backburner\;C:\Program Files (x86)\QuickTime\QTSystem\;C:\Program Files (x86)\Skype\Phone\;C:\Program Files (x86)\AMD\ATI.ACE\Core-Static;C:\Program Files (x86)\OpenNI\Bin;C:\Program Files (x86)\PrimeSense\NITE\bin;C:\Users\Scotty\Documents\University\MDDN 412\eclipse;
USERNAME=Scotty
OS=Windows_NT
PROCESSOR_IDENTIFIER=Intel64 Family 6 Model 37 Stepping 5, GenuineIntel



---------------  S Y S T E M  ---------------

OS: Windows 7 , 64 bit Build 7601 (6.1.7601.19018)

CPU:total 4 (2 cores per cpu, 2 threads per core) family 6 model 37 stepping 5, cmov, cx8, fxsr, mmx, sse, sse2, sse3, ssse3, sse4.1, sse4.2, popcnt, ht, tsc, tscinvbit

Memory: 4k page, physical 3987312k(835344k free), swap 8959520k(770532k free)

vm_info: Java HotSpot(TM) 64-Bit Server VM (25.60-b23) for windows-amd64 JRE (1.8.0_60-b27), built on Aug  4 2015 11:06:27 by "java_re" with MS VC++ 10.0 (VS2010)

time: Wed Oct 28 22:58:40 2015
elapsed time: 42 seconds (0d 0h 0m 42s)

