#
# A fatal error has been detected by the Java Runtime Environment:
#
#  EXCEPTION_ACCESS_VIOLATION (0xc0000005) at pc=0x000007fedf818fb5, pid=4892, tid=8752
#
# JRE version: Java(TM) SE Runtime Environment (8.0_60-b27) (build 1.8.0_60-b27)
# Java VM: Java HotSpot(TM) 64-Bit Server VM (25.60-b23 mixed mode windows-amd64 compressed oops)
# Problematic frame:
# C  [Leap.dll+0x48fb5]
#
# Failed to write core dump. Minidumps are not enabled by default on client versions of Windows
#
# If you would like to submit a bug report, please visit:
#   http://bugreport.java.com/bugreport/crash.jsp
# The crash happened outside the Java Virtual Machine in native code.
# See problematic frame for where to report the bug.
#

---------------  T H R E A D  ---------------

Current thread (0x0000000054c8a000):  JavaThread "Finalizer" daemon [_thread_in_native, id=8752, stack(0x00000000561b0000,0x00000000562b0000)]

siginfo: ExceptionCode=0xc0000005, reading address 0x0000000000000020

Registers:
RAX=0x0000000000000000, RBX=0x000000005a5ce950, RCX=0x00000000002ff8a0, RDX=0x000000005a591da0
RSP=0x00000000562af3c0, RBP=0x00000000562af550, RSI=0x000000005a5bee40, RDI=0x0000000000000610
R8 =0x0000000000000001, R9 =0x00000000003074d8, R10=0x0000000000000001, R11=0x00000000562af1f0
R12=0x000000005a5bee30, R13=0x0000000000000000, R14=0x000000005a591da0, R15=0x000000005a5bead0
RIP=0x000007fedf818fb5, EFLAGS=0x0000000000010206

Top of Stack: (sp=0x00000000562af3c0)
0x00000000562af3c0:   0000000000000001 0000000000000001
0x00000000562af3d0:   0000000000000001 000000005a5bee40
0x00000000562af3e0:   fffffffffffffffe 000000005a5ce920
0x00000000562af3f0:   0000000000000001 000000005a5bee30
0x00000000562af400:   ffffffffffffff01 000000000000001c
0x00000000562af410:   0000131c00001190 0000000000000008
0x00000000562af420:   0000000000000000 0000000054c8a000
0x00000000562af430:   0000000054c8a000 00000000562af578
0x00000000562af440:   00000000610b4340 0000000000000000
0x00000000562af450:   00000000003074d0 0000000000000001
0x00000000562af460:   000000005a591da0 000007fedf7e790a
0x00000000562af470:   000000005a5bead0 000000005a591da0
0x00000000562af480:   000000005a5ce950 000000005a5bee40
0x00000000562af490:   fffffffffffffffe 0000000054c8a000
0x00000000562af4a0:   0000000000000108 000007fedf7efe36
0x00000000562af4b0:   000000005a591da0 000000005a591da0 

Instructions: (pc=0x000007fedf818fb5)
0x000007fedf818f95:   24 c0 00 00 00 66 0f 1f 44 00 00 48 3b 5c 24 28
0x000007fedf818fa5:   0f 84 90 00 00 00 48 8b 4b 20 48 8b 01 49 8b d6
0x000007fedf818fb5:   ff 50 20 90 eb 28 45 33 ed 4c 8b bc 24 b0 00 00
0x000007fedf818fc5:   00 4c 8b b4 24 b8 00 00 00 4c 8b 64 24 38 48 8b 


Register to memory mapping:

RAX=0x0000000000000000 is an unknown value
RBX=0x000000005a5ce950 is an unknown value
RCX=0x00000000002ff8a0 is an unknown value
RDX=0x000000005a591da0 is an unknown value
RSP=0x00000000562af3c0 is pointing into the stack for thread: 0x0000000054c8a000
RBP=0x00000000562af550 is pointing into the stack for thread: 0x0000000054c8a000
RSI=0x000000005a5bee40 is an unknown value
RDI=0x0000000000000610 is an unknown value
R8 =0x0000000000000001 is an unknown value
R9 =0x00000000003074d8 is an unknown value
R10=0x0000000000000001 is an unknown value
R11=0x00000000562af1f0 is pointing into the stack for thread: 0x0000000054c8a000
R12=0x000000005a5bee30 is an unknown value
R13=0x0000000000000000 is an unknown value
R14=0x000000005a591da0 is an unknown value
R15=0x000000005a5bead0 is an unknown value


Stack: [0x00000000561b0000,0x00000000562b0000],  sp=0x00000000562af3c0,  free space=1020k
Native frames: (J=compiled Java code, j=interpreted, Vv=VM code, C=native code)
C  [Leap.dll+0x48fb5]
C  [Leap.dll+0x1790a]
C  [Leap.dll+0x1fe36]
C  0x00000000028c3b34

Java frames: (J=compiled Java code, j=interpreted, Vv=VM code)
j  com.leapmotion.leap.LeapJNI.delete_Controller(J)V+0
j  com.leapmotion.leap.Controller.delete()V+25
j  com.leapmotion.leap.Controller.finalize()V+1
j  java.lang.System$2.invokeFinalize(Ljava/lang/Object;)V+1
j  java.lang.ref.Finalizer.runFinalizer(Lsun/misc/JavaLangAccess;)V+46
j  java.lang.ref.Finalizer.access$100(Ljava/lang/ref/Finalizer;Lsun/misc/JavaLangAccess;)V+2
j  java.lang.ref.Finalizer$FinalizerThread.run()V+45
v  ~StubRoutines::call_stub

---------------  P R O C E S S  ---------------

Java Threads: ( => current thread )
  0x000000005bae5000 JavaThread "Thread-4" [_thread_blocked, id=5608, stack(0x000000005a890000,0x000000005a990000)]
  0x000000005b442800 JavaThread "Thread-3" [_thread_in_native, id=7632, stack(0x0000000060b10000,0x0000000060c10000)]
  0x000000005aee4800 JavaThread "TimerQueue" daemon [_thread_blocked, id=5144, stack(0x000000005d3f0000,0x000000005d4f0000)]
  0x000000005b4c5800 JavaThread "D3D Screen Updater" daemon [_thread_in_native, id=7348, stack(0x000000005bf20000,0x000000005c020000)]
  0x000000000209e000 JavaThread "DestroyJavaVM" [_thread_blocked, id=4496, stack(0x00000000024e0000,0x00000000025e0000)]
  0x0000000057215800 JavaThread "AWT-EventQueue-0" [_thread_blocked, id=7076, stack(0x00000000584a0000,0x00000000585a0000)]
  0x0000000056bc9000 JavaThread "AWT-Windows" daemon [_thread_in_native, id=8128, stack(0x0000000057f00000,0x0000000058000000)]
  0x00000000571c9000 JavaThread "AWT-Shutdown" [_thread_blocked, id=10012, stack(0x0000000057c20000,0x0000000057d20000)]
  0x00000000571c8000 JavaThread "Java2D Disposer" daemon [_thread_blocked, id=7472, stack(0x0000000057a80000,0x0000000057b80000)]
  0x0000000056863000 JavaThread "Service Thread" daemon [_thread_blocked, id=7380, stack(0x0000000056fb0000,0x00000000570b0000)]
  0x0000000054cef000 JavaThread "C1 CompilerThread2" daemon [_thread_blocked, id=6704, stack(0x0000000056e20000,0x0000000056f20000)]
  0x0000000054cee800 JavaThread "C2 CompilerThread1" daemon [_thread_blocked, id=7244, stack(0x0000000056ca0000,0x0000000056da0000)]
  0x0000000054cea000 JavaThread "C2 CompilerThread0" daemon [_thread_blocked, id=9712, stack(0x00000000566e0000,0x00000000567e0000)]
  0x0000000054ce7800 JavaThread "Attach Listener" daemon [_thread_blocked, id=5644, stack(0x0000000056510000,0x0000000056610000)]
  0x0000000054ce4800 JavaThread "Signal Dispatcher" daemon [_thread_blocked, id=8984, stack(0x0000000056310000,0x0000000056410000)]
=>0x0000000054c8a000 JavaThread "Finalizer" daemon [_thread_in_native, id=8752, stack(0x00000000561b0000,0x00000000562b0000)]
  0x0000000054c83800 JavaThread "Reference Handler" daemon [_thread_blocked, id=6088, stack(0x0000000055fe0000,0x00000000560e0000)]

Other Threads:
  0x0000000054c7e000 VMThread [stack: 0x0000000055e60000,0x0000000055f60000] [id=9660]
  0x0000000056893800 WatcherThread [stack: 0x00000000570b0000,0x00000000571b0000] [id=6156]

VM state:not at safepoint (normal execution)

VM Mutex/Monitor currently owned by a thread: None

Heap:
 PSYoungGen      total 73216K, used 1879K [0x00000000ebb80000, 0x00000000f1680000, 0x0000000100000000)
  eden space 62464K, 3% used [0x00000000ebb80000,0x00000000ebd55e98,0x00000000ef880000)
  from space 10752K, 0% used [0x00000000f0580000,0x00000000f0580000,0x00000000f1000000)
  to   space 13312K, 0% used [0x00000000ef880000,0x00000000ef880000,0x00000000f0580000)
 ParOldGen       total 144384K, used 69540K [0x00000000c3200000, 0x00000000cbf00000, 0x00000000ebb80000)
  object space 144384K, 48% used [0x00000000c3200000,0x00000000c75e92e8,0x00000000cbf00000)
 Metaspace       used 14536K, capacity 14744K, committed 14976K, reserved 1062912K
  class space    used 1791K, capacity 1864K, committed 1920K, reserved 1048576K

Card table byte_map: [0x0000000011c70000,0x0000000011e60000] byte_map_base: 0x0000000011657000

Marking Bits: (ParMarkBitMap*) 0x0000000068c5a5b0
 Begin Bits: [0x0000000012290000, 0x00000000131c8000)
 End Bits:   [0x00000000131c8000, 0x0000000014100000)

Polling page: 0x0000000000260000

CodeCache: size=245760Kb used=6527Kb max_used=6560Kb free=239232Kb
 bounds [0x00000000028b0000, 0x0000000002f30000, 0x00000000118b0000]
 total_blobs=2346 nmethods=1793 adapters=466
 compilation: enabled

Compilation events (10 events):
Event: 15.271 Thread 0x0000000054cea000 nmethod 1800 0x0000000002f08b90 code [0x0000000002f08d00, 0x0000000002f08f98]
Event: 15.379 Thread 0x0000000054cef000 1801       3       java.lang.ref.Reference::access$100 (4 bytes)
Event: 15.379 Thread 0x0000000054cef000 nmethod 1801 0x0000000002f0d750 code [0x0000000002f0d8a0, 0x0000000002f0d9d0]
Event: 15.381 Thread 0x0000000054cef000 1802       3       java.lang.ref.ReferenceQueue::reallyPoll (66 bytes)
Event: 15.381 Thread 0x0000000054cef000 nmethod 1802 0x0000000002f14790 code [0x0000000002f14900, 0x0000000002f14d70]
Event: 15.385 Thread 0x0000000054cee800 nmethod 1797 0x0000000002f19f50 code [0x0000000002f1a2e0, 0x0000000002f1db48]
Event: 15.417 Thread 0x0000000054cea000 1803       4       javax.swing.JComponent::paintBorder (28 bytes)
Event: 15.419 Thread 0x0000000054cea000 nmethod 1803 0x0000000002f12d10 code [0x0000000002f12e40, 0x0000000002f12ed8]
Event: 15.435 Thread 0x0000000054cee800 1804       4       java.awt.Container::findComponentAtImpl (161 bytes)
Event: 15.454 Thread 0x0000000054cee800 nmethod 1804 0x0000000002a5f390 code [0x0000000002a5f580, 0x0000000002a60208]

GC Heap History (10 events):
Event: 11.279 GC heap before
{Heap before GC invocations=5 (full 1):
 PSYoungGen      total 34304K, used 28887K [0x00000000ebb80000, 0x00000000eed00000, 0x0000000100000000)
  eden space 31744K, 86% used [0x00000000ebb80000,0x00000000ed643570,0x00000000eda80000)
  from space 2560K, 57% used [0x00000000eda80000,0x00000000edbf28a0,0x00000000edd00000)
  to   space 2560K, 0% used [0x00000000eea80000,0x00000000eea80000,0x00000000eed00000)
 ParOldGen       total 59392K, used 31618K [0x00000000c3200000, 0x00000000c6c00000, 0x00000000ebb80000)
  object space 59392K, 53% used [0x00000000c3200000,0x00000000c50e09c8,0x00000000c6c00000)
 Metaspace       used 14415K, capacity 14616K, committed 14720K, reserved 1062912K
  class space    used 1791K, capacity 1864K, committed 1920K, reserved 1048576K
Event: 11.286 GC heap after
Heap after GC invocations=5 (full 1):
 PSYoungGen      total 46080K, used 2547K [0x00000000ebb80000, 0x00000000eed00000, 0x0000000100000000)
  eden space 43520K, 0% used [0x00000000ebb80000,0x00000000ebb80000,0x00000000ee600000)
  from space 2560K, 99% used [0x00000000eea80000,0x00000000eecfcc10,0x00000000eed00000)
  to   space 2560K, 0% used [0x00000000ee800000,0x00000000ee800000,0x00000000eea80000)
 ParOldGen       total 59392K, used 41624K [0x00000000c3200000, 0x00000000c6c00000, 0x00000000ebb80000)
  object space 59392K, 70% used [0x00000000c3200000,0x00000000c5aa6040,0x00000000c6c00000)
 Metaspace       used 14415K, capacity 14616K, committed 14720K, reserved 1062912K
  class space    used 1791K, capacity 1864K, committed 1920K, reserved 1048576K
}
Event: 11.286 GC heap before
{Heap before GC invocations=6 (full 2):
 PSYoungGen      total 46080K, used 2547K [0x00000000ebb80000, 0x00000000eed00000, 0x0000000100000000)
  eden space 43520K, 0% used [0x00000000ebb80000,0x00000000ebb80000,0x00000000ee600000)
  from space 2560K, 99% used [0x00000000eea80000,0x00000000eecfcc10,0x00000000eed00000)
  to   space 2560K, 0% used [0x00000000ee800000,0x00000000ee800000,0x00000000eea80000)
 ParOldGen       total 59392K, used 41624K [0x00000000c3200000, 0x00000000c6c00000, 0x00000000ebb80000)
  object space 59392K, 70% used [0x00000000c3200000,0x00000000c5aa6040,0x00000000c6c00000)
 Metaspace       used 14415K, capacity 14616K, committed 14720K, reserved 1062912K
  class space    used 1791K, capacity 1864K, committed 1920K, reserved 1048576K
Event: 11.309 GC heap after
Heap after GC invocations=6 (full 2):
 PSYoungGen      total 46080K, used 0K [0x00000000ebb80000, 0x00000000eed00000, 0x0000000100000000)
  eden space 43520K, 0% used [0x00000000ebb80000,0x00000000ebb80000,0x00000000ee600000)
  from space 2560K, 0% used [0x00000000eea80000,0x00000000eea80000,0x00000000eed00000)
  to   space 2560K, 0% used [0x00000000ee800000,0x00000000ee800000,0x00000000eea80000)
 ParOldGen       total 92160K, used 33325K [0x00000000c3200000, 0x00000000c8c00000, 0x00000000ebb80000)
  object space 92160K, 36% used [0x00000000c3200000,0x00000000c528b708,0x00000000c8c00000)
 Metaspace       used 14415K, capacity 14616K, committed 14720K, reserved 1062912K
  class space    used 1791K, capacity 1864K, committed 1920K, reserved 1048576K
}
Event: 12.311 GC heap before
{Heap before GC invocations=7 (full 2):
 PSYoungGen      total 46080K, used 43520K [0x00000000ebb80000, 0x00000000eed00000, 0x0000000100000000)
  eden space 43520K, 100% used [0x00000000ebb80000,0x00000000ee600000,0x00000000ee600000)
  from space 2560K, 0% used [0x00000000eea80000,0x00000000eea80000,0x00000000eed00000)
  to   space 2560K, 0% used [0x00000000ee800000,0x00000000ee800000,0x00000000eea80000)
 ParOldGen       total 92160K, used 33325K [0x00000000c3200000, 0x00000000c8c00000, 0x00000000ebb80000)
  object space 92160K, 36% used [0x00000000c3200000,0x00000000c528b708,0x00000000c8c00000)
 Metaspace       used 14429K, capacity 14616K, committed 14720K, reserved 1062912K
  class space    used 1791K, capacity 1864K, committed 1920K, reserved 1048576K
Event: 12.321 GC heap after
Heap after GC invocations=7 (full 2):
 PSYoungGen      total 48128K, used 2372K [0x00000000ebb80000, 0x00000000f1000000, 0x0000000100000000)
  eden space 45568K, 0% used [0x00000000ebb80000,0x00000000ebb80000,0x00000000ee800000)
  from space 2560K, 92% used [0x00000000ee800000,0x00000000eea51150,0x00000000eea80000)
  to   space 10752K, 0% used [0x00000000f0580000,0x00000000f0580000,0x00000000f1000000)
 ParOldGen       total 92160K, used 55306K [0x00000000c3200000, 0x00000000c8c00000, 0x00000000ebb80000)
  object space 92160K, 60% used [0x00000000c3200000,0x00000000c6802a88,0x00000000c8c00000)
 Metaspace       used 14429K, capacity 14616K, committed 14720K, reserved 1062912K
  class space    used 1791K, capacity 1864K, committed 1920K, reserved 1048576K
}
Event: 15.294 GC heap before
{Heap before GC invocations=8 (full 2):
 PSYoungGen      total 48128K, used 47940K [0x00000000ebb80000, 0x00000000f1000000, 0x0000000100000000)
  eden space 45568K, 100% used [0x00000000ebb80000,0x00000000ee800000,0x00000000ee800000)
  from space 2560K, 92% used [0x00000000ee800000,0x00000000eea51150,0x00000000eea80000)
  to   space 10752K, 0% used [0x00000000f0580000,0x00000000f0580000,0x00000000f1000000)
 ParOldGen       total 92160K, used 55306K [0x00000000c3200000, 0x00000000c8c00000, 0x00000000ebb80000)
  object space 92160K, 60% used [0x00000000c3200000,0x00000000c6802a88,0x00000000c8c00000)
 Metaspace       used 14535K, capacity 14744K, committed 14976K, reserved 1062912K
  class space    used 1791K, capacity 1864K, committed 1920K, reserved 1048576K
Event: 15.309 GC heap after
Heap after GC invocations=8 (full 2):
 PSYoungGen      total 73216K, used 10744K [0x00000000ebb80000, 0x00000000f1680000, 0x0000000100000000)
  eden space 62464K, 0% used [0x00000000ebb80000,0x00000000ebb80000,0x00000000ef880000)
  from space 10752K, 99% used [0x00000000f0580000,0x00000000f0ffe1b0,0x00000000f1000000)
  to   space 13312K, 0% used [0x00000000ef880000,0x00000000ef880000,0x00000000f0580000)
 ParOldGen       total 92160K, used 71410K [0x00000000c3200000, 0x00000000c8c00000, 0x00000000ebb80000)
  object space 92160K, 77% used [0x00000000c3200000,0x00000000c77bcbe8,0x00000000c8c00000)
 Metaspace       used 14535K, capacity 14744K, committed 14976K, reserved 1062912K
  class space    used 1791K, capacity 1864K, committed 1920K, reserved 1048576K
}
Event: 15.310 GC heap before
{Heap before GC invocations=9 (full 3):
 PSYoungGen      total 73216K, used 10744K [0x00000000ebb80000, 0x00000000f1680000, 0x0000000100000000)
  eden space 62464K, 0% used [0x00000000ebb80000,0x00000000ebb80000,0x00000000ef880000)
  from space 10752K, 99% used [0x00000000f0580000,0x00000000f0ffe1b0,0x00000000f1000000)
  to   space 13312K, 0% used [0x00000000ef880000,0x00000000ef880000,0x00000000f0580000)
 ParOldGen       total 92160K, used 71410K [0x00000000c3200000, 0x00000000c8c00000, 0x00000000ebb80000)
  object space 92160K, 77% used [0x00000000c3200000,0x00000000c77bcbe8,0x00000000c8c00000)
 Metaspace       used 14535K, capacity 14744K, committed 14976K, reserved 1062912K
  class space    used 1791K, capacity 1864K, committed 1920K, reserved 1048576K
Event: 15.378 GC heap after
Heap after GC invocations=9 (full 3):
 PSYoungGen      total 73216K, used 0K [0x00000000ebb80000, 0x00000000f1680000, 0x0000000100000000)
  eden space 62464K, 0% used [0x00000000ebb80000,0x00000000ebb80000,0x00000000ef880000)
  from space 10752K, 0% used [0x00000000f0580000,0x00000000f0580000,0x00000000f1000000)
  to   space 13312K, 0% used [0x00000000ef880000,0x00000000ef880000,0x00000000f0580000)
 ParOldGen       total 144384K, used 69540K [0x00000000c3200000, 0x00000000cbf00000, 0x00000000ebb80000)
  object space 144384K, 48% used [0x00000000c3200000,0x00000000c75e92e8,0x00000000cbf00000)
 Metaspace       used 14535K, capacity 14744K, committed 14976K, reserved 1062912K
  class space    used 1791K, capacity 1864K, committed 1920K, reserved 1048576K
}

Deoptimization events (10 events):
Event: 3.978 Thread 0x0000000057215800 Uncommon trap: reason=unstable_if action=reinterpret pc=0x0000000002d3602c method=sun.java2d.d3d.D3DBlitLoops.IsoBlit(Lsun/java2d/SurfaceData;Lsun/java2d/SurfaceData;Ljava/awt/image/BufferedImage;Ljava/awt/image/BufferedImageOp;Ljava/awt/Composite;Lsun/jav„ø±@ª@
Event: 4.006 Thread 0x0000000057215800 Uncommon trap: reason=unstable_if action=reinterpret pc=0x0000000002cf69b8 method=javax.swing.SwingUtilities.computeIntersection(IIIILjava/awt/Rectangle;)Ljava/awt/Rectangle; @ 34
Event: 11.598 Thread 0x000000005aee4800 Uncommon trap: reason=unstable_if action=reinterpret pc=0x0000000002e25664 method=java.util.PriorityQueue.siftDownComparable(ILjava/lang/Object;)V @ 16
Event: 11.598 Thread 0x000000005aee4800 Uncommon trap: reason=unstable_if action=reinterpret pc=0x0000000002e08330 method=java.util.PriorityQueue.siftDownComparable(ILjava/lang/Object;)V @ 16
Event: 11.715 Thread 0x000000005aee4800 Uncommon trap: reason=unstable_if action=reinterpret pc=0x0000000002de985c method=sun.awt.PostEventQueue.flush()V @ 23
Event: 12.406 Thread 0x0000000057215800 Uncommon trap: reason=unstable_if action=reinterpret pc=0x0000000002e27bb0 method=javax.swing.SwingUtilities.computeIntersection(IIIILjava/awt/Rectangle;)Ljava/awt/Rectangle; @ 62
Event: 12.430 Thread 0x000000005aee4800 Uncommon trap: reason=unstable_if action=reinterpret pc=0x0000000002e9b658 method=javax.swing.TimerQueue$DelayedTimer.compareTo(Ljava/util/concurrent/Delayed;)I @ 32
Event: 12.430 Thread 0x000000005aee4800 Uncommon trap: reason=unstable_if action=reinterpret pc=0x0000000002e9b2d8 method=javax.swing.TimerQueue$DelayedTimer.compareTo(Ljava/util/concurrent/Delayed;)I @ 32
Event: 14.338 Thread 0x0000000057215800 Uncommon trap: reason=unstable_if action=reinterpret pc=0x0000000002d2c914 method=java.awt.Component.inside(II)Z @ 21
Event: 15.027 Thread 0x0000000057215800 Uncommon trap: reason=unstable_if action=reinterpret pc=0x0000000002dc1888 method=java.awt.Component.isShowing()Z @ 11

Internal exceptions (10 events):
Event: 1.549 Thread 0x0000000057215800 Exception <a 'java/io/FileNotFoundException'> (0x00000000ebf6c330) thrown at [C:\re\workspace\8-2-build-windows-amd64-cygwin\jdk8u60\4407\hotspot\src\share\vm\prims\jni.cpp, line 709]
Event: 1.550 Thread 0x0000000057215800 Exception <a 'java/io/FileNotFoundException'> (0x00000000ebf6e5d8) thrown at [C:\re\workspace\8-2-build-windows-amd64-cygwin\jdk8u60\4407\hotspot\src\share\vm\prims\jni.cpp, line 709]
Event: 1.553 Thread 0x0000000057215800 Exception <a 'java/io/FileNotFoundException'> (0x00000000ebf7bdc0) thrown at [C:\re\workspace\8-2-build-windows-amd64-cygwin\jdk8u60\4407\hotspot\src\share\vm\prims\jni.cpp, line 709]
Event: 1.553 Thread 0x0000000057215800 Exception <a 'java/io/FileNotFoundException'> (0x00000000ebf7e410) thrown at [C:\re\workspace\8-2-build-windows-amd64-cygwin\jdk8u60\4407\hotspot\src\share\vm\prims\jni.cpp, line 709]
Event: 1.555 Thread 0x0000000057215800 Exception <a 'java/io/FileNotFoundException'> (0x00000000ebf85db0) thrown at [C:\re\workspace\8-2-build-windows-amd64-cygwin\jdk8u60\4407\hotspot\src\share\vm\prims\jni.cpp, line 709]
Event: 1.555 Thread 0x0000000057215800 Exception <a 'java/io/FileNotFoundException'> (0x00000000ebf872a8) thrown at [C:\re\workspace\8-2-build-windows-amd64-cygwin\jdk8u60\4407\hotspot\src\share\vm\prims\jni.cpp, line 709]
Event: 1.556 Thread 0x0000000057215800 Exception <a 'java/io/FileNotFoundException'> (0x00000000ebf8c950) thrown at [C:\re\workspace\8-2-build-windows-amd64-cygwin\jdk8u60\4407\hotspot\src\share\vm\prims\jni.cpp, line 709]
Event: 3.525 Thread 0x0000000057215800 Implicit null exception at 0x0000000002d33b06 to 0x0000000002d34189
Event: 3.526 Thread 0x0000000057215800 Implicit null exception at 0x0000000002d2bbcf to 0x0000000002d2be29
Event: 3.584 Thread 0x0000000057215800 Implicit null exception at 0x0000000002bf9a05 to 0x0000000002bf9b41

Events (10 events):
Event: 15.381 Thread 0x0000000054cef000 flushing nmethod 0x00000000029b1890
Event: 15.381 Thread 0x0000000054cef000 flushing nmethod 0x00000000029bb5d0
Event: 15.381 Thread 0x0000000054cef000 flushing nmethod 0x00000000029bcd50
Event: 15.381 Thread 0x0000000054cef000 flushing nmethod 0x00000000029c0b10
Event: 15.381 Thread 0x0000000054cef000 flushing nmethod 0x00000000029c4690
Event: 15.381 Thread 0x0000000054cef000 flushing nmethod 0x00000000029d7650
Event: 15.386 Thread 0x0000000054cee800 flushing nmethod 0x0000000002a288d0
Event: 15.419 Thread 0x0000000054cea000 flushing nmethod 0x0000000002a45310
Event: 15.419 Thread 0x0000000054cea000 flushing nmethod 0x0000000002a5f390
Event: 15.419 Thread 0x0000000054cea000 flushing nmethod 0x0000000002a61e10


Dynamic libraries:
0x000000013f600000 - 0x000000013f637000 	C:\Program Files\Java\jre1.8.0_60\bin\javaw.exe
0x0000000076f10000 - 0x00000000770b9000 	C:\Windows\SYSTEM32\ntdll.dll
0x0000000076cf0000 - 0x0000000076e10000 	C:\Windows\system32\kernel32.dll
0x000007fefbb20000 - 0x000007fefbb8c000 	C:\Windows\system32\KERNELBASE.dll
0x000007fefde20000 - 0x000007fefdefb000 	C:\Windows\system32\ADVAPI32.dll
0x000007fefbd50000 - 0x000007fefbdef000 	C:\Windows\system32\msvcrt.dll
0x000007fefcec0000 - 0x000007fefcedf000 	C:\Windows\SYSTEM32\sechost.dll
0x000007fefbdf0000 - 0x000007fefbf1d000 	C:\Windows\system32\RPCRT4.dll
0x0000000076e10000 - 0x0000000076f0a000 	C:\Windows\system32\USER32.dll
0x000007fefd8a0000 - 0x000007fefd907000 	C:\Windows\system32\GDI32.dll
0x000007fefd940000 - 0x000007fefd94e000 	C:\Windows\system32\LPK.dll
0x000007fefbf20000 - 0x000007fefbfe9000 	C:\Windows\system32\USP10.dll
0x000007fefa3a0000 - 0x000007fefa594000 	C:\Windows\WinSxS\amd64_microsoft.windows.common-controls_6595b64144ccf1df_6.0.7601.18837_none_fa3b1e3d17594757\COMCTL32.dll
0x000007fefcd80000 - 0x000007fefcdf1000 	C:\Windows\system32\SHLWAPI.dll
0x000007fefd910000 - 0x000007fefd93e000 	C:\Windows\system32\IMM32.DLL
0x000007fefd190000 - 0x000007fefd299000 	C:\Windows\system32\MSCTF.dll
0x000007feefbb0000 - 0x000007feefc29000 	C:\Program Files (x86)\AVG\Av\avghooka.dll
0x0000000060cf0000 - 0x0000000060dc2000 	C:\Program Files\Java\jre1.8.0_60\bin\msvcr100.dll
0x0000000068450000 - 0x0000000068cd9000 	C:\Program Files\Java\jre1.8.0_60\bin\server\jvm.dll
0x000007fef6af0000 - 0x000007fef6af9000 	C:\Windows\system32\WSOCK32.dll
0x000007fefd2a0000 - 0x000007fefd2ed000 	C:\Windows\system32\WS2_32.dll
0x000007fefdc80000 - 0x000007fefdc88000 	C:\Windows\system32\NSI.dll
0x000007fef9a40000 - 0x000007fef9a7b000 	C:\Windows\system32\WINMM.dll
0x000007fefaa30000 - 0x000007fefaa3c000 	C:\Windows\system32\VERSION.dll
0x00000000770e0000 - 0x00000000770e7000 	C:\Windows\system32\PSAPI.DLL
0x000000006f820000 - 0x000000006f82f000 	C:\Program Files\Java\jre1.8.0_60\bin\verify.dll
0x000000006f7f0000 - 0x000000006f819000 	C:\Program Files\Java\jre1.8.0_60\bin\java.dll
0x000000006f7d0000 - 0x000000006f7e6000 	C:\Program Files\Java\jre1.8.0_60\bin\zip.dll
0x000007fefbff0000 - 0x000007fefcd79000 	C:\Windows\system32\SHELL32.dll
0x000007fefcf80000 - 0x000007fefd183000 	C:\Windows\system32\ole32.dll
0x000007fefb990000 - 0x000007fefb99f000 	C:\Windows\system32\profapi.dll
0x000000005d5d0000 - 0x000000005d768000 	C:\Program Files\Java\jre1.8.0_60\bin\awt.dll
0x000007fefd7c0000 - 0x000007fefd897000 	C:\Windows\system32\OLEAUT32.dll
0x000007fef9b50000 - 0x000007fef9b68000 	C:\Windows\system32\DWMAPI.DLL
0x000007fefa1c0000 - 0x000007fefa216000 	C:\Windows\system32\uxtheme.dll
0x000007fefb7f0000 - 0x000007fefb7ff000 	C:\Windows\system32\CRYPTBASE.dll
0x000007fee0d50000 - 0x000007fee0f4f000 	C:\Windows\system32\d3d9.dll
0x000007feee180000 - 0x000007feee187000 	C:\Windows\system32\d3d8thk.dll
0x000007feee120000 - 0x000007feee12d000 	C:\Windows\system32\atiu9p64.dll
0x00000000615b0000 - 0x0000000061aaf000 	C:\Windows\system32\atiumd64.dll
0x000000005d770000 - 0x000000005da8b000 	C:\Windows\system32\atiumd6a.dll
0x000007fefb190000 - 0x000007fefb1a8000 	C:\Windows\system32\CRYPTSP.dll
0x000007fefae90000 - 0x000007fefaed7000 	C:\Windows\system32\rsaenh.dll
0x000007fefbd30000 - 0x000007fefbd4e000 	C:\Windows\system32\USERENV.dll
0x000000006f250000 - 0x000000006f26a000 	C:\Program Files\Java\jre1.8.0_60\bin\net.dll
0x000007fefb130000 - 0x000007fefb185000 	C:\Windows\system32\mswsock.dll
0x000007fefb120000 - 0x000007fefb127000 	C:\Windows\System32\wship6.dll
0x000007fef84b0000 - 0x000007fef84d7000 	C:\Windows\system32\IPHLPAPI.DLL
0x000007fef8720000 - 0x000007fef872b000 	C:\Windows\system32\WINNSI.DLL
0x000007fef83e0000 - 0x000007fef83f8000 	C:\Windows\system32\dhcpcsvc.DLL
0x000007fef83c0000 - 0x000007fef83d1000 	C:\Windows\system32\dhcpcsvc6.DLL
0x000000006f470000 - 0x000000006f481000 	C:\Program Files\Java\jre1.8.0_60\bin\nio.dll
0x0000000063960000 - 0x00000000639a7000 	C:\Program Files\Java\jre1.8.0_60\bin\fontmanager.dll
0x0000000055f60000 - 0x0000000055fc5000 	C:\Program Files\WIDCOMM\Bluetooth Software\btmmhook.dll
0x000007fefcee0000 - 0x000007fefcf79000 	C:\Windows\system32\CLBCatQ.DLL
0x0000000063ab0000 - 0x0000000063af2000 	C:\Program Files\Java\jre1.8.0_60\bin\t2k.dll
0x000007fef98d0000 - 0x000007fef9a31000 	C:\Windows\system32\WindowsCodecs.dll
0x000007fefb790000 - 0x000007fefb7e7000 	C:\Windows\system32\apphelp.dll
0x000007fef6660000 - 0x000007fef6720000 	C:\Program Files (x86)\Google\Drive\googledrivesync64.dll
0x00000000716c0000 - 0x0000000071793000 	C:\Windows\WinSxS\amd64_microsoft.vc90.crt_1fc8b3b9a1e18e3b_9.0.30729.6161_none_08e61857a83bc251\MSVCP90.dll
0x0000000071610000 - 0x00000000716b3000 	C:\Windows\WinSxS\amd64_microsoft.vc90.crt_1fc8b3b9a1e18e3b_9.0.30729.6161_none_08e61857a83bc251\MSVCR90.dll
0x000007fef5480000 - 0x000007fef54bb000 	C:\Users\Scotty\AppData\Roaming\Dropbox\bin\DropboxExt64.28.dll
0x000007feeea20000 - 0x000007feeea5e000 	C:\Users\Scotty\git\SignLanguageProject\SignLanguageProject\LeapJava.dll
0x000007fee60e0000 - 0x000007fee6186000 	C:\Program Files\Java\jre1.8.0_60\bin\MSVCP120.dll
0x000007fee5930000 - 0x000007fee5a1f000 	C:\Program Files\Java\jre1.8.0_60\bin\MSVCR120.dll
0x000007fedf7d0000 - 0x000007fedfa2e000 	C:\Users\Scotty\git\SignLanguageProject\SignLanguageProject\Leap.dll
0x000007fef9500000 - 0x000007fef952d000 	C:\Windows\system32\ntmarta.dll
0x000007fefdc20000 - 0x000007fefdc72000 	C:\Windows\system32\WLDAP32.dll
0x000007fef4350000 - 0x000007fef4475000 	C:\Windows\system32\dbghelp.dll

VM Arguments:
jvm_args: -Dfile.encoding=Cp1252 
java_command: front.GUIv2
java_class_path (initial): C:\Users\Scotty\git\SignLanguageProject\SignLanguageProject\bin;C:\Users\Scotty\git\SignLanguageProject\SignLanguageProject\dependencies\LeapJava.jar
Launcher Type: SUN_STANDARD

Environment Variables:
CLASSPATH=C:\Program Files (x86)\OpenNI\Bin\org.OpenNI.jar
PATH=C:\Users\Scotty\git\SignLanguageProject\SignLanguageProject;s/Java/jre1.8.0_60/bin;C:/Program Files/Java/jre1.8.0_60/lib/amd64;C:\ProgramData\Oracle\Java\javapath;C:\Program Files (x86)\NVIDIA Corporation\PhysX\Common;C:\Program Files\Common Files\Microsoft Shared\Windows Live;C:\Program Files (x86)\Common Files\Microsoft Shared\Windows Live;C:\Windows\system32;C:\Windows;C:\Windows\System32\Wbem;C:\Windows\System32\WindowsPowerShell\v1.0\;C:\Program Files (x86)\Windows Live\Shared;C:\Program Files (x86)\ATI Technologies\ATI.ACE\Core-Static;C:\Program Files\Broadcom\Broadcom 802.11\Driver;C:\Program Files\WIDCOMM\Bluetooth Software\;C:\Program Files\WIDCOMM\Bluetooth Software\syswow64;C:\Program Files (x86)\Autodesk\Backburner\;C:\Program Files (x86)\QuickTime\QTSystem\;C:\Program Files (x86)\Skype\Phone\;C:\Program Files (x86)\AMD\ATI.ACE\Core-Static;C:\Program Files (x86)\OpenNI\Bin;C:\Program Files (x86)\PrimeSense\NITE\bin;C:\Users\Scotty\Documents\University\MDDN 412\eclipse;C:/Program Files/Java/jre1.8.0_60/bin/server;C:/Program Files/Java/jre1.8.0_60/bin;C:/Program Files/Java/jre1.8.0_60/lib/amd64;C:\ProgramData\Oracle\Java\javapath;C:\Program Files (x86)\NVIDIA Corporation\PhysX\Common;C:\Program Files\Common Files\Microsoft Shared\Windows Live;C:\Program Files (x86)\Common Files\Microsoft Shared\Windows Live;C:\Windows\system32;C:\Windows;C:\Windows\System32\Wbem;C:\Windows\System32\WindowsPowerShell\v1.0\;C:\Program Files (x86)\Windows Live\Shared;C:\Program Files (x86)\ATI Technologies\ATI.ACE\Core-Static;C:\Program Files\Broadcom\Broadcom 802.11\Driver;C:\Program Files\WIDCOMM\Bluetooth Software\;C:\Program Files\WIDCOMM\Bluetooth Software\syswow64;C:\Program Files (x86)\Autodesk\Backburner\;C:\Program Files (x86)\QuickTime\QTSystem\;C:\Program Files (x86)\Skype\Phone\;C:\Program Files (x86)\AMD\ATI.ACE\Core-Static;C:\Program Files (x86)\OpenNI\Bin;C:\Program Files (x86)\PrimeSense\NITE\bin;C:\Users\Scotty\Documents\University\MDDN 412\eclipse;
USERNAME=Scotty
OS=Windows_NT
PROCESSOR_IDENTIFIER=Intel64 Family 6 Model 37 Stepping 5, GenuineIntel



---------------  S Y S T E M  ---------------

OS: Windows 7 , 64 bit Build 7601 (6.1.7601.19018)

CPU:total 4 (2 cores per cpu, 2 threads per core) family 6 model 37 stepping 5, cmov, cx8, fxsr, mmx, sse, sse2, sse3, ssse3, sse4.1, sse4.2, popcnt, ht, tsc, tscinvbit

Memory: 4k page, physical 3987312k(1346448k free), swap 7972788k(2952492k free)

vm_info: Java HotSpot(TM) 64-Bit Server VM (25.60-b23) for windows-amd64 JRE (1.8.0_60-b27), built on Aug  4 2015 11:06:27 by "java_re" with MS VC++ 10.0 (VS2010)

time: Wed Oct 28 10:13:51 2015
elapsed time: 15 seconds (0d 0h 0m 15s)

