#
# A fatal error has been detected by the Java Runtime Environment:
#
#  EXCEPTION_ACCESS_VIOLATION (0xc0000005) at pc=0x000007fedf818fb5, pid=8344, tid=9084
#
# JRE version: Java(TM) SE Runtime Environment (8.0_60-b27) (build 1.8.0_60-b27)
# Java VM: Java HotSpot(TM) 64-Bit Server VM (25.60-b23 mixed mode windows-amd64 compressed oops)
# Problematic frame:
# C  [Leap.dll+0x48fb5]
#
# Failed to write core dump. Minidumps are not enabled by default on client versions of Windows
#
# If you would like to submit a bug report, please visit:
#   http://bugreport.java.com/bugreport/crash.jsp
# The crash happened outside the Java Virtual Machine in native code.
# See problematic frame for where to report the bug.
#

---------------  T H R E A D  ---------------

Current thread (0x0000000054c5a000):  JavaThread "Finalizer" daemon [_thread_in_native, id=9084, stack(0x0000000055f70000,0x0000000056070000)]

siginfo: ExceptionCode=0xc0000005, reading address 0x0000000000000020

Registers:
RAX=0x0000000000000000, RBX=0x000000005b986c70, RCX=0x0000000000188840, RDX=0x0000000000182ad0
RSP=0x000000005606eca0, RBP=0x000000005606ee30, RSI=0x000000005b96d000, RDI=0x0000000000000620
R8 =0x0000000000000001, R9 =0x0000000000164638, R10=0x0000000000000001, R11=0x000000005606ead0
R12=0x000000005b96cff0, R13=0x0000000000000000, R14=0x0000000000182ad0, R15=0x000000005b96cc90
RIP=0x000007fedf818fb5, EFLAGS=0x0000000000010206

Top of Stack: (sp=0x000000005606eca0)
0x000000005606eca0:   0000000000000001 0000000000000001
0x000000005606ecb0:   0000000000000001 000000005b96d000
0x000000005606ecc0:   fffffffffffffffe 000000005b986c40
0x000000005606ecd0:   0000000000000001 000000005b96cff0
0x000000005606ece0:   ffffffffffffff01 000000000000001c
0x000000005606ecf0:   00002098000025cc 0000000000000008
0x000000005606ed00:   0000000000000000 0000000054c5a000
0x000000005606ed10:   0000000054c5a000 000000005606ee58
0x000000005606ed20:   00000000610a3760 0000000000000000
0x000000005606ed30:   0000000000164630 0000000000000001
0x000000005606ed40:   0000000000182ad0 000007fedf7e790a
0x000000005606ed50:   000000005b96cc90 0000000000182ad0
0x000000005606ed60:   000000005b986c70 000000005b96d000
0x000000005606ed70:   fffffffffffffffe 0000000054c5a000
0x000000005606ed80:   00000000142c6598 000007fedf7efe36
0x000000005606ed90:   0000000000182ad0 0000000000182ad0 

Instructions: (pc=0x000007fedf818fb5)
0x000007fedf818f95:   24 c0 00 00 00 66 0f 1f 44 00 00 48 3b 5c 24 28
0x000007fedf818fa5:   0f 84 90 00 00 00 48 8b 4b 20 48 8b 01 49 8b d6
0x000007fedf818fb5:   ff 50 20 90 eb 28 45 33 ed 4c 8b bc 24 b0 00 00
0x000007fedf818fc5:   00 4c 8b b4 24 b8 00 00 00 4c 8b 64 24 38 48 8b 


Register to memory mapping:

RAX=0x0000000000000000 is an unknown value
RBX=0x000000005b986c70 is an unknown value
RCX=0x0000000000188840 is an unknown value
RDX=0x0000000000182ad0 is an unknown value
RSP=0x000000005606eca0 is pointing into the stack for thread: 0x0000000054c5a000
RBP=0x000000005606ee30 is pointing into the stack for thread: 0x0000000054c5a000
RSI=0x000000005b96d000 is an unknown value
RDI=0x0000000000000620 is an unknown value
R8 =0x0000000000000001 is an unknown value
R9 =0x0000000000164638 is an unknown value
R10=0x0000000000000001 is an unknown value
R11=0x000000005606ead0 is pointing into the stack for thread: 0x0000000054c5a000
R12=0x000000005b96cff0 is an unknown value
R13=0x0000000000000000 is an unknown value
R14=0x0000000000182ad0 is an unknown value
R15=0x000000005b96cc90 is an unknown value


Stack: [0x0000000055f70000,0x0000000056070000],  sp=0x000000005606eca0,  free space=1019k
Native frames: (J=compiled Java code, j=interpreted, Vv=VM code, C=native code)
C  [Leap.dll+0x48fb5]
C  [Leap.dll+0x1790a]
C  [Leap.dll+0x1fe36]
C  0x0000000002703b34

Java frames: (J=compiled Java code, j=interpreted, Vv=VM code)
j  com.leapmotion.leap.LeapJNI.delete_Controller(J)V+0
j  com.leapmotion.leap.Controller.delete()V+25
j  com.leapmotion.leap.Controller.finalize()V+1
j  java.lang.System$2.invokeFinalize(Ljava/lang/Object;)V+1
j  java.lang.ref.Finalizer.runFinalizer(Lsun/misc/JavaLangAccess;)V+46
j  java.lang.ref.Finalizer.access$100(Ljava/lang/ref/Finalizer;Lsun/misc/JavaLangAccess;)V+2
j  java.lang.ref.Finalizer$FinalizerThread.run()V+45
v  ~StubRoutines::call_stub

---------------  P R O C E S S  ---------------

Java Threads: ( => current thread )
  0x0000000057664800 JavaThread "Thread-4" [_thread_blocked, id=9564, stack(0x00000000637c0000,0x00000000638c0000)]
  0x00000000573d3000 JavaThread "Thread-3" [_thread_in_native, id=5484, stack(0x00000000608e0000,0x00000000609e0000)]
  0x00000000574dc000 JavaThread "TimerQueue" daemon [_thread_blocked, id=5088, stack(0x000000005edd0000,0x000000005eed0000)]
  0x0000000057056800 JavaThread "D3D Screen Updater" daemon [_thread_in_native, id=5780, stack(0x000000005cdd0000,0x000000005ced0000)]
  0x00000000021de000 JavaThread "DestroyJavaVM" [_thread_blocked, id=9676, stack(0x0000000002320000,0x0000000002420000)]
  0x000000005700d800 JavaThread "AWT-EventQueue-0" [_thread_blocked, id=5124, stack(0x0000000058100000,0x0000000058200000)]
  0x0000000056fa0000 JavaThread "AWT-Windows" daemon [_thread_in_native, id=2500, stack(0x0000000057b60000,0x0000000057c60000)]
  0x0000000056f9f000 JavaThread "AWT-Shutdown" [_thread_blocked, id=1208, stack(0x0000000057a60000,0x0000000057b60000)]
  0x0000000056f9c800 JavaThread "Java2D Disposer" daemon [_thread_blocked, id=5964, stack(0x00000000577f0000,0x00000000578f0000)]
  0x00000000566ae800 JavaThread "Service Thread" daemon [_thread_blocked, id=8248, stack(0x0000000056e90000,0x0000000056f90000)]
  0x0000000056636000 JavaThread "C1 CompilerThread2" daemon [_thread_blocked, id=3856, stack(0x0000000056cc0000,0x0000000056dc0000)]
  0x0000000056635000 JavaThread "C2 CompilerThread1" daemon [_thread_in_native, id=4692, stack(0x0000000056a60000,0x0000000056b60000)]
  0x0000000054cb9800 JavaThread "C2 CompilerThread0" daemon [_thread_in_native, id=6892, stack(0x0000000056530000,0x0000000056630000)]
  0x0000000054cb7800 JavaThread "Attach Listener" daemon [_thread_blocked, id=9200, stack(0x00000000563a0000,0x00000000564a0000)]
  0x0000000054cb4000 JavaThread "Signal Dispatcher" daemon [_thread_blocked, id=1960, stack(0x0000000056180000,0x0000000056280000)]
=>0x0000000054c5a000 JavaThread "Finalizer" daemon [_thread_in_native, id=9084, stack(0x0000000055f70000,0x0000000056070000)]
  0x0000000054c53800 JavaThread "Reference Handler" daemon [_thread_blocked, id=4492, stack(0x0000000055dc0000,0x0000000055ec0000)]

Other Threads:
  0x0000000054c4e000 VMThread [stack: 0x0000000055c60000,0x0000000055d60000] [id=5208]
  0x00000000566b6800 WatcherThread [stack: 0x0000000056bc0000,0x0000000056cc0000] [id=5556]

VM state:not at safepoint (normal execution)

VM Mutex/Monitor currently owned by a thread: None

Heap:
 PSYoungGen      total 65024K, used 1100K [0x00000000ebb80000, 0x00000000f3380000, 0x0000000100000000)
  eden space 41984K, 2% used [0x00000000ebb80000,0x00000000ebc93200,0x00000000ee480000)
  from space 23040K, 0% used [0x00000000ee480000,0x00000000ee480000,0x00000000efb00000)
  to   space 27648K, 0% used [0x00000000f1880000,0x00000000f1880000,0x00000000f3380000)
 ParOldGen       total 112128K, used 57383K [0x00000000c3200000, 0x00000000c9f80000, 0x00000000ebb80000)
  object space 112128K, 51% used [0x00000000c3200000,0x00000000c6a09eb0,0x00000000c9f80000)
 Metaspace       used 14528K, capacity 14696K, committed 14976K, reserved 1062912K
  class space    used 1792K, capacity 1864K, committed 1920K, reserved 1048576K

Card table byte_map: [0x0000000011ab0000,0x0000000011ca0000] byte_map_base: 0x0000000011497000

Marking Bits: (ParMarkBitMap*) 0x0000000068c5a5b0
 Begin Bits: [0x0000000012260000, 0x0000000013198000)
 End Bits:   [0x0000000013198000, 0x00000000140d0000)

Polling page: 0x0000000001b70000

CodeCache: size=245760Kb used=6458Kb max_used=6470Kb free=239301Kb
 bounds [0x00000000026f0000, 0x0000000002d50000, 0x00000000116f0000]
 total_blobs=2344 nmethods=1791 adapters=466
 compilation: enabled

Compilation events (10 events):
Event: 14.590 Thread 0x0000000056635000 nmethod 1785 0x0000000002d2d290 code [0x0000000002d2d4a0, 0x0000000002d2df10]
Event: 14.737 Thread 0x0000000054cb9800 1786   !   4       java.awt.EventDispatchThread::pumpOneEventForFilters (295 bytes)
Event: 14.802 Thread 0x0000000054cb9800 nmethod 1786 0x0000000002d420d0 code [0x0000000002d42460, 0x0000000002d444d0]
Event: 16.131 Thread 0x0000000056635000 1787       4       sun.java2d.pipe.ValidatePipe::scaleImage (33 bytes)
Event: 16.147 Thread 0x0000000056635000 nmethod 1787 0x0000000002d34290 code [0x0000000002d344e0, 0x0000000002d35188]
Event: 16.269 Thread 0x0000000054cb9800 1788   !   4       java.util.concurrent.locks.AbstractQueuedSynchronizer::acquireQueued (93 bytes)
Event: 16.273 Thread 0x0000000054cb9800 nmethod 1788 0x0000000002d367d0 code [0x0000000002d36940, 0x0000000002d36c68]
Event: 16.461 Thread 0x0000000056636000 1789       3       java.lang.ref.Reference::access$100 (4 bytes)
Event: 16.461 Thread 0x0000000056636000 nmethod 1789 0x0000000002d22350 code [0x0000000002d224a0, 0x0000000002d225d0]
Event: 16.472 Thread 0x0000000056635000 1790       4       javax.swing.JComponent::paintImmediately (155 bytes)

GC Heap History (10 events):
Event: 2.863 GC heap before
{Heap before GC invocations=6 (full 2):
 PSYoungGen      total 29696K, used 2532K [0x00000000ebb80000, 0x00000000edb00000, 0x0000000100000000)
  eden space 27136K, 0% used [0x00000000ebb80000,0x00000000ebb80000,0x00000000ed600000)
  from space 2560K, 98% used [0x00000000ed880000,0x00000000edaf9150,0x00000000edb00000)
  to   space 2560K, 0% used [0x00000000ed600000,0x00000000ed600000,0x00000000ed880000)
 ParOldGen       total 55296K, used 36636K [0x00000000c3200000, 0x00000000c6800000, 0x00000000ebb80000)
  object space 55296K, 66% used [0x00000000c3200000,0x00000000c55c70a8,0x00000000c6800000)
 Metaspace       used 13020K, capacity 13218K, committed 13312K, reserved 1060864K
  class space    used 1662K, capacity 1735K, committed 1792K, reserved 1048576K
Event: 2.880 GC heap after
Heap after GC invocations=6 (full 2):
 PSYoungGen      total 29696K, used 0K [0x00000000ebb80000, 0x00000000edb00000, 0x0000000100000000)
  eden space 27136K, 0% used [0x00000000ebb80000,0x00000000ebb80000,0x00000000ed600000)
  from space 2560K, 0% used [0x00000000ed880000,0x00000000ed880000,0x00000000edb00000)
  to   space 2560K, 0% used [0x00000000ed600000,0x00000000ed600000,0x00000000ed880000)
 ParOldGen       total 79360K, used 26969K [0x00000000c3200000, 0x00000000c7f80000, 0x00000000ebb80000)
  object space 79360K, 33% used [0x00000000c3200000,0x00000000c4c56408,0x00000000c7f80000)
 Metaspace       used 13020K, capacity 13218K, committed 13312K, reserved 1060864K
  class space    used 1662K, capacity 1735K, committed 1792K, reserved 1048576K
}
Event: 10.646 GC heap before
{Heap before GC invocations=7 (full 2):
 PSYoungGen      total 29696K, used 27136K [0x00000000ebb80000, 0x00000000edb00000, 0x0000000100000000)
  eden space 27136K, 100% used [0x00000000ebb80000,0x00000000ed600000,0x00000000ed600000)
  from space 2560K, 0% used [0x00000000ed880000,0x00000000ed880000,0x00000000edb00000)
  to   space 2560K, 0% used [0x00000000ed600000,0x00000000ed600000,0x00000000ed880000)
 ParOldGen       total 79360K, used 26969K [0x00000000c3200000, 0x00000000c7f80000, 0x00000000ebb80000)
  object space 79360K, 33% used [0x00000000c3200000,0x00000000c4c56408,0x00000000c7f80000)
 Metaspace       used 14396K, capacity 14562K, committed 14720K, reserved 1062912K
  class space    used 1791K, capacity 1863K, committed 1920K, reserved 1048576K
Event: 10.650 GC heap after
Heap after GC invocations=7 (full 2):
 PSYoungGen      total 29696K, used 2546K [0x00000000ebb80000, 0x00000000f0d80000, 0x0000000100000000)
  eden space 27136K, 0% used [0x00000000ebb80000,0x00000000ebb80000,0x00000000ed600000)
  from space 2560K, 99% used [0x00000000ed600000,0x00000000ed87c8a0,0x00000000ed880000)
  to   space 18944K, 0% used [0x00000000efb00000,0x00000000efb00000,0x00000000f0d80000)
 ParOldGen       total 79360K, used 34685K [0x00000000c3200000, 0x00000000c7f80000, 0x00000000ebb80000)
  object space 79360K, 43% used [0x00000000c3200000,0x00000000c53df5e8,0x00000000c7f80000)
 Metaspace       used 14396K, capacity 14562K, committed 14720K, reserved 1062912K
  class space    used 1791K, capacity 1863K, committed 1920K, reserved 1048576K
}
Event: 11.254 GC heap before
{Heap before GC invocations=8 (full 2):
 PSYoungGen      total 29696K, used 29682K [0x00000000ebb80000, 0x00000000f0d80000, 0x0000000100000000)
  eden space 27136K, 100% used [0x00000000ebb80000,0x00000000ed600000,0x00000000ed600000)
  from space 2560K, 99% used [0x00000000ed600000,0x00000000ed87c8a0,0x00000000ed880000)
  to   space 18944K, 0% used [0x00000000efb00000,0x00000000efb00000,0x00000000f0d80000)
 ParOldGen       total 79360K, used 34685K [0x00000000c3200000, 0x00000000c7f80000, 0x00000000ebb80000)
  object space 79360K, 43% used [0x00000000c3200000,0x00000000c53df5e8,0x00000000c7f80000)
 Metaspace       used 14411K, capacity 14632K, committed 14720K, reserved 1062912K
  class space    used 1792K, capacity 1864K, committed 1920K, reserved 1048576K
Event: 11.269 GC heap after
Heap after GC invocations=8 (full 2):
 PSYoungGen      total 60928K, used 18592K [0x00000000ebb80000, 0x00000000f1500000, 0x0000000100000000)
  eden space 41984K, 0% used [0x00000000ebb80000,0x00000000ebb80000,0x00000000ee480000)
  from space 18944K, 98% used [0x00000000efb00000,0x00000000f0d28310,0x00000000f0d80000)
  to   space 23040K, 0% used [0x00000000ee480000,0x00000000ee480000,0x00000000efb00000)
 ParOldGen       total 79360K, used 48718K [0x00000000c3200000, 0x00000000c7f80000, 0x00000000ebb80000)
  object space 79360K, 61% used [0x00000000c3200000,0x00000000c6193a18,0x00000000c7f80000)
 Metaspace       used 14411K, capacity 14632K, committed 14720K, reserved 1062912K
  class space    used 1792K, capacity 1864K, committed 1920K, reserved 1048576K
}
Event: 16.377 GC heap before
{Heap before GC invocations=9 (full 2):
 PSYoungGen      total 60928K, used 60576K [0x00000000ebb80000, 0x00000000f1500000, 0x0000000100000000)
  eden space 41984K, 100% used [0x00000000ebb80000,0x00000000ee480000,0x00000000ee480000)
  from space 18944K, 98% used [0x00000000efb00000,0x00000000f0d28310,0x00000000f0d80000)
  to   space 23040K, 0% used [0x00000000ee480000,0x00000000ee480000,0x00000000efb00000)
 ParOldGen       total 79360K, used 48718K [0x00000000c3200000, 0x00000000c7f80000, 0x00000000ebb80000)
  object space 79360K, 61% used [0x00000000c3200000,0x00000000c6193a18,0x00000000c7f80000)
 Metaspace       used 14527K, capacity 14696K, committed 14976K, reserved 1062912K
  class space    used 1792K, capacity 1864K, committed 1920K, reserved 1048576K
Event: 16.392 GC heap after
Heap after GC invocations=9 (full 2):
 PSYoungGen      total 65024K, used 21604K [0x00000000ebb80000, 0x00000000f3380000, 0x0000000100000000)
  eden space 41984K, 0% used [0x00000000ebb80000,0x00000000ebb80000,0x00000000ee480000)
  from space 23040K, 93% used [0x00000000ee480000,0x00000000ef999000,0x00000000efb00000)
  to   space 27648K, 0% used [0x00000000f1880000,0x00000000f1880000,0x00000000f3380000)
 ParOldGen       total 79360K, used 56218K [0x00000000c3200000, 0x00000000c7f80000, 0x00000000ebb80000)
  object space 79360K, 70% used [0x00000000c3200000,0x00000000c68e6a58,0x00000000c7f80000)
 Metaspace       used 14527K, capacity 14696K, committed 14976K, reserved 1062912K
  class space    used 1792K, capacity 1864K, committed 1920K, reserved 1048576K
}
Event: 16.392 GC heap before
{Heap before GC invocations=10 (full 3):
 PSYoungGen      total 65024K, used 21604K [0x00000000ebb80000, 0x00000000f3380000, 0x0000000100000000)
  eden space 41984K, 0% used [0x00000000ebb80000,0x00000000ebb80000,0x00000000ee480000)
  from space 23040K, 93% used [0x00000000ee480000,0x00000000ef999000,0x00000000efb00000)
  to   space 27648K, 0% used [0x00000000f1880000,0x00000000f1880000,0x00000000f3380000)
 ParOldGen       total 79360K, used 56218K [0x00000000c3200000, 0x00000000c7f80000, 0x00000000ebb80000)
  object space 79360K, 70% used [0x00000000c3200000,0x00000000c68e6a58,0x00000000c7f80000)
 Metaspace       used 14527K, capacity 14696K, committed 14976K, reserved 1062912K
  class space    used 1792K, capacity 1864K, committed 1920K, reserved 1048576K
Event: 16.460 GC heap after
Heap after GC invocations=10 (full 3):
 PSYoungGen      total 65024K, used 0K [0x00000000ebb80000, 0x00000000f3380000, 0x0000000100000000)
  eden space 41984K, 0% used [0x00000000ebb80000,0x00000000ebb80000,0x00000000ee480000)
  from space 23040K, 0% used [0x00000000ee480000,0x00000000ee480000,0x00000000efb00000)
  to   space 27648K, 0% used [0x00000000f1880000,0x00000000f1880000,0x00000000f3380000)
 ParOldGen       total 112128K, used 57383K [0x00000000c3200000, 0x00000000c9f80000, 0x00000000ebb80000)
  object space 112128K, 51% used [0x00000000c3200000,0x00000000c6a09eb0,0x00000000c9f80000)
 Metaspace       used 14527K, capacity 14696K, committed 14976K, reserved 1062912K
  class space    used 1792K, capacity 1864K, committed 1920K, reserved 1048576K
}

Deoptimization events (10 events):
Event: 10.230 Thread 0x000000005700d800 Uncommon trap: reason=unstable_if action=reinterpret pc=0x0000000002bdbbd4 method=java.awt.Component.inside(II)Z @ 21
Event: 10.314 Thread 0x000000005700d800 Uncommon trap: reason=predicate action=maybe_recompile pc=0x0000000002c3a8ac method=javax.swing.RepaintManager$PaintManager.paintDoubleBuffered(Ljavax/swing/JComponent;Ljava/awt/Image;Ljava/awt/Graphics;IIII)V @ 48
Event: 11.114 Thread 0x000000005700d800 Uncommon trap: reason=unstable_if action=reinterpret pc=0x0000000002c277e8 method=javax.swing.RepaintManager.collectDirtyComponents(Ljava/util/Map;Ljava/awt/Component;Ljava/util/List;)V @ 104
Event: 11.114 Thread 0x000000005700d800 Uncommon trap: reason=unstable_if action=reinterpret pc=0x0000000002bd4fc8 method=java.awt.Component.isShowing()Z @ 11
Event: 11.143 Thread 0x00000000574dc000 Uncommon trap: reason=unstable_if action=reinterpret pc=0x0000000002c072fc method=java.util.PriorityQueue.siftDownComparable(ILjava/lang/Object;)V @ 16
Event: 11.144 Thread 0x00000000574dc000 Uncommon trap: reason=unstable_if action=reinterpret pc=0x0000000002bfd3f0 method=java.util.PriorityQueue.siftDownComparable(ILjava/lang/Object;)V @ 16
Event: 12.111 Thread 0x000000005700d800 Uncommon trap: reason=unstable_if action=reinterpret pc=0x0000000002c0a558 method=java.util.concurrent.locks.AbstractQueuedSynchronizer.isOnSyncQueue(Ljava/util/concurrent/locks/AbstractQueuedSynchronizer$Node;)Z @ 22
Event: 13.049 Thread 0x000000005700d800 Uncommon trap: reason=unstable_if action=reinterpret pc=0x0000000002bd1e78 method=javax.swing.SwingUtilities.computeIntersection(IIIILjava/awt/Rectangle;)Ljava/awt/Rectangle; @ 62
Event: 13.075 Thread 0x00000000574dc000 Uncommon trap: reason=unstable_if action=reinterpret pc=0x0000000002c965d8 method=javax.swing.TimerQueue$DelayedTimer.compareTo(Ljava/util/concurrent/Delayed;)I @ 32
Event: 13.079 Thread 0x000000005700d800 Uncommon trap: reason=unstable_if action=reinterpret pc=0x0000000002c6905c method=javax.swing.JComponent._paintImmediately(IIII)V @ 207

Internal exceptions (10 events):
Event: 1.428 Thread 0x000000005700d800 Exception <a 'java/io/FileNotFoundException'> (0x00000000ebec3ae8) thrown at [C:\re\workspace\8-2-build-windows-amd64-cygwin\jdk8u60\4407\hotspot\src\share\vm\prims\jni.cpp, line 709]
Event: 1.440 Thread 0x000000005700d800 Exception <a 'java/io/FileNotFoundException'> (0x00000000ebf10d90) thrown at [C:\re\workspace\8-2-build-windows-amd64-cygwin\jdk8u60\4407\hotspot\src\share\vm\prims\jni.cpp, line 709]
Event: 1.441 Thread 0x000000005700d800 Exception <a 'java/io/FileNotFoundException'> (0x00000000ebf13038) thrown at [C:\re\workspace\8-2-build-windows-amd64-cygwin\jdk8u60\4407\hotspot\src\share\vm\prims\jni.cpp, line 709]
Event: 1.444 Thread 0x000000005700d800 Exception <a 'java/io/FileNotFoundException'> (0x00000000ebf20820) thrown at [C:\re\workspace\8-2-build-windows-amd64-cygwin\jdk8u60\4407\hotspot\src\share\vm\prims\jni.cpp, line 709]
Event: 1.445 Thread 0x000000005700d800 Exception <a 'java/io/FileNotFoundException'> (0x00000000ebf22e70) thrown at [C:\re\workspace\8-2-build-windows-amd64-cygwin\jdk8u60\4407\hotspot\src\share\vm\prims\jni.cpp, line 709]
Event: 1.446 Thread 0x000000005700d800 Exception <a 'java/io/FileNotFoundException'> (0x00000000ebf2a810) thrown at [C:\re\workspace\8-2-build-windows-amd64-cygwin\jdk8u60\4407\hotspot\src\share\vm\prims\jni.cpp, line 709]
Event: 1.446 Thread 0x000000005700d800 Exception <a 'java/io/FileNotFoundException'> (0x00000000ebf2bd08) thrown at [C:\re\workspace\8-2-build-windows-amd64-cygwin\jdk8u60\4407\hotspot\src\share\vm\prims\jni.cpp, line 709]
Event: 1.447 Thread 0x000000005700d800 Exception <a 'java/io/FileNotFoundException'> (0x00000000ebf313b0) thrown at [C:\re\workspace\8-2-build-windows-amd64-cygwin\jdk8u60\4407\hotspot\src\share\vm\prims\jni.cpp, line 709]
Event: 2.739 Thread 0x000000005700d800 Implicit null exception at 0x0000000002a35985 to 0x0000000002a35ac1
Event: 11.114 Thread 0x000000005700d800 Implicit null exception at 0x0000000002c26a80 to 0x0000000002c27779

Events (10 events):
Event: 16.461 Executing VM operation: RevokeBias
Event: 16.461 Executing VM operation: RevokeBias done
Event: 16.461 Executing VM operation: RevokeBias
Event: 16.461 Executing VM operation: RevokeBias done
Event: 16.461 Executing VM operation: RevokeBias
Event: 16.461 Executing VM operation: RevokeBias done
Event: 16.461 Executing VM operation: RevokeBias
Event: 16.461 Executing VM operation: RevokeBias done
Event: 16.461 Executing VM operation: RevokeBias
Event: 16.462 Executing VM operation: RevokeBias done


Dynamic libraries:
0x000000013fce0000 - 0x000000013fd17000 	C:\Program Files\Java\jre1.8.0_60\bin\javaw.exe
0x0000000076f10000 - 0x00000000770b9000 	C:\Windows\SYSTEM32\ntdll.dll
0x0000000076cf0000 - 0x0000000076e10000 	C:\Windows\system32\kernel32.dll
0x000007fefbb20000 - 0x000007fefbb8c000 	C:\Windows\system32\KERNELBASE.dll
0x000007fefde20000 - 0x000007fefdefb000 	C:\Windows\system32\ADVAPI32.dll
0x000007fefbd50000 - 0x000007fefbdef000 	C:\Windows\system32\msvcrt.dll
0x000007fefcec0000 - 0x000007fefcedf000 	C:\Windows\SYSTEM32\sechost.dll
0x000007fefbdf0000 - 0x000007fefbf1d000 	C:\Windows\system32\RPCRT4.dll
0x0000000076e10000 - 0x0000000076f0a000 	C:\Windows\system32\USER32.dll
0x000007fefd8a0000 - 0x000007fefd907000 	C:\Windows\system32\GDI32.dll
0x000007fefd940000 - 0x000007fefd94e000 	C:\Windows\system32\LPK.dll
0x000007fefbf20000 - 0x000007fefbfe9000 	C:\Windows\system32\USP10.dll
0x000007fefa3a0000 - 0x000007fefa594000 	C:\Windows\WinSxS\amd64_microsoft.windows.common-controls_6595b64144ccf1df_6.0.7601.18837_none_fa3b1e3d17594757\COMCTL32.dll
0x000007fefcd80000 - 0x000007fefcdf1000 	C:\Windows\system32\SHLWAPI.dll
0x000007fefd910000 - 0x000007fefd93e000 	C:\Windows\system32\IMM32.DLL
0x000007fefd190000 - 0x000007fefd299000 	C:\Windows\system32\MSCTF.dll
0x000007feefbb0000 - 0x000007feefc29000 	C:\Program Files (x86)\AVG\Av\avghooka.dll
0x00000000638d0000 - 0x00000000639a2000 	C:\Program Files\Java\jre1.8.0_60\bin\msvcr100.dll
0x0000000068450000 - 0x0000000068cd9000 	C:\Program Files\Java\jre1.8.0_60\bin\server\jvm.dll
0x000007fef6af0000 - 0x000007fef6af9000 	C:\Windows\system32\WSOCK32.dll
0x000007fefd2a0000 - 0x000007fefd2ed000 	C:\Windows\system32\WS2_32.dll
0x000007fefdc80000 - 0x000007fefdc88000 	C:\Windows\system32\NSI.dll
0x000007fef9a40000 - 0x000007fef9a7b000 	C:\Windows\system32\WINMM.dll
0x000007fefaa30000 - 0x000007fefaa3c000 	C:\Windows\system32\VERSION.dll
0x00000000770e0000 - 0x00000000770e7000 	C:\Windows\system32\PSAPI.DLL
0x000000006f820000 - 0x000000006f82f000 	C:\Program Files\Java\jre1.8.0_60\bin\verify.dll
0x000000006f7f0000 - 0x000000006f819000 	C:\Program Files\Java\jre1.8.0_60\bin\java.dll
0x000000006f7d0000 - 0x000000006f7e6000 	C:\Program Files\Java\jre1.8.0_60\bin\zip.dll
0x000007fefbff0000 - 0x000007fefcd79000 	C:\Windows\system32\SHELL32.dll
0x000007fefcf80000 - 0x000007fefd183000 	C:\Windows\system32\ole32.dll
0x000007fefb990000 - 0x000007fefb99f000 	C:\Windows\system32\profapi.dll
0x0000000060c30000 - 0x0000000060dc8000 	C:\Program Files\Java\jre1.8.0_60\bin\awt.dll
0x000007fefd7c0000 - 0x000007fefd897000 	C:\Windows\system32\OLEAUT32.dll
0x000007fef9b50000 - 0x000007fef9b68000 	C:\Windows\system32\DWMAPI.DLL
0x000007fefa1c0000 - 0x000007fefa216000 	C:\Windows\system32\uxtheme.dll
0x000007fefb7f0000 - 0x000007fefb7ff000 	C:\Windows\system32\CRYPTBASE.dll
0x000007fee0d50000 - 0x000007fee0f4f000 	C:\Windows\system32\d3d9.dll
0x000007feee180000 - 0x000007feee187000 	C:\Windows\system32\d3d8thk.dll
0x000007feee120000 - 0x000007feee12d000 	C:\Windows\system32\atiu9p64.dll
0x00000000615b0000 - 0x0000000061aaf000 	C:\Windows\system32\atiumd64.dll
0x000000005d770000 - 0x000000005da8b000 	C:\Windows\system32\atiumd6a.dll
0x000007fefb190000 - 0x000007fefb1a8000 	C:\Windows\system32\CRYPTSP.dll
0x000007fefae90000 - 0x000007fefaed7000 	C:\Windows\system32\rsaenh.dll
0x000007fefbd30000 - 0x000007fefbd4e000 	C:\Windows\system32\USERENV.dll
0x000000006f250000 - 0x000000006f26a000 	C:\Program Files\Java\jre1.8.0_60\bin\net.dll
0x000007fefb130000 - 0x000007fefb185000 	C:\Windows\system32\mswsock.dll
0x000007fefb120000 - 0x000007fefb127000 	C:\Windows\System32\wship6.dll
0x000007fef84b0000 - 0x000007fef84d7000 	C:\Windows\system32\IPHLPAPI.DLL
0x000007fef8720000 - 0x000007fef872b000 	C:\Windows\system32\WINNSI.DLL
0x000007fef83e0000 - 0x000007fef83f8000 	C:\Windows\system32\dhcpcsvc.DLL
0x000007fef83c0000 - 0x000007fef83d1000 	C:\Windows\system32\dhcpcsvc6.DLL
0x000000006f470000 - 0x000000006f481000 	C:\Program Files\Java\jre1.8.0_60\bin\nio.dll
0x0000000063ab0000 - 0x0000000063af7000 	C:\Program Files\Java\jre1.8.0_60\bin\fontmanager.dll
0x0000000055ec0000 - 0x0000000055f25000 	C:\Program Files\WIDCOMM\Bluetooth Software\btmmhook.dll
0x000007fefcee0000 - 0x000007fefcf79000 	C:\Windows\system32\CLBCatQ.DLL
0x00000000613f0000 - 0x0000000061432000 	C:\Program Files\Java\jre1.8.0_60\bin\t2k.dll
0x000007fef98d0000 - 0x000007fef9a31000 	C:\Windows\system32\WindowsCodecs.dll
0x000007fefb790000 - 0x000007fefb7e7000 	C:\Windows\system32\apphelp.dll
0x000007fef6660000 - 0x000007fef6720000 	C:\Program Files (x86)\Google\Drive\googledrivesync64.dll
0x00000000716c0000 - 0x0000000071793000 	C:\Windows\WinSxS\amd64_microsoft.vc90.crt_1fc8b3b9a1e18e3b_9.0.30729.6161_none_08e61857a83bc251\MSVCP90.dll
0x0000000071610000 - 0x00000000716b3000 	C:\Windows\WinSxS\amd64_microsoft.vc90.crt_1fc8b3b9a1e18e3b_9.0.30729.6161_none_08e61857a83bc251\MSVCR90.dll
0x000007fef5480000 - 0x000007fef54bb000 	C:\Users\Scotty\AppData\Roaming\Dropbox\bin\DropboxExt64.28.dll
0x000007fee6670000 - 0x000007fee66ae000 	C:\Users\Scotty\git\SignLanguageProject\SignLanguageProject\LeapJava.dll
0x000007fee5730000 - 0x000007fee57d6000 	C:\Program Files\Java\jre1.8.0_60\bin\MSVCP120.dll
0x000007fee5930000 - 0x000007fee5a1f000 	C:\Program Files\Java\jre1.8.0_60\bin\MSVCR120.dll
0x000007fedf7d0000 - 0x000007fedfa2e000 	C:\Users\Scotty\git\SignLanguageProject\SignLanguageProject\Leap.dll
0x000007fef9500000 - 0x000007fef952d000 	C:\Windows\system32\ntmarta.dll
0x000007fefdc20000 - 0x000007fefdc72000 	C:\Windows\system32\WLDAP32.dll
0x000007fef4350000 - 0x000007fef4475000 	C:\Windows\system32\dbghelp.dll

VM Arguments:
jvm_args: -Dfile.encoding=Cp1252 
java_command: front.GUIv2
java_class_path (initial): C:\Users\Scotty\git\SignLanguageProject\SignLanguageProject\bin;C:\Users\Scotty\git\SignLanguageProject\SignLanguageProject\dependencies\LeapJava.jar
Launcher Type: SUN_STANDARD

Environment Variables:
CLASSPATH=C:\Program Files (x86)\OpenNI\Bin\org.OpenNI.jar
PATH=C:\Users\Scotty\git\SignLanguageProject\SignLanguageProject;s/Java/jre1.8.0_60/bin;C:/Program Files/Java/jre1.8.0_60/lib/amd64;C:\ProgramData\Oracle\Java\javapath;C:\Program Files (x86)\NVIDIA Corporation\PhysX\Common;C:\Program Files\Common Files\Microsoft Shared\Windows Live;C:\Program Files (x86)\Common Files\Microsoft Shared\Windows Live;C:\Windows\system32;C:\Windows;C:\Windows\System32\Wbem;C:\Windows\System32\WindowsPowerShell\v1.0\;C:\Program Files (x86)\Windows Live\Shared;C:\Program Files (x86)\ATI Technologies\ATI.ACE\Core-Static;C:\Program Files\Broadcom\Broadcom 802.11\Driver;C:\Program Files\WIDCOMM\Bluetooth Software\;C:\Program Files\WIDCOMM\Bluetooth Software\syswow64;C:\Program Files (x86)\Autodesk\Backburner\;C:\Program Files (x86)\QuickTime\QTSystem\;C:\Program Files (x86)\Skype\Phone\;C:\Program Files (x86)\AMD\ATI.ACE\Core-Static;C:\Program Files (x86)\OpenNI\Bin;C:\Program Files (x86)\PrimeSense\NITE\bin;C:\Users\Scotty\Documents\University\MDDN 412\eclipse;C:/Program Files/Java/jre1.8.0_60/bin/server;C:/Program Files/Java/jre1.8.0_60/bin;C:/Program Files/Java/jre1.8.0_60/lib/amd64;C:\ProgramData\Oracle\Java\javapath;C:\Program Files (x86)\NVIDIA Corporation\PhysX\Common;C:\Program Files\Common Files\Microsoft Shared\Windows Live;C:\Program Files (x86)\Common Files\Microsoft Shared\Windows Live;C:\Windows\system32;C:\Windows;C:\Windows\System32\Wbem;C:\Windows\System32\WindowsPowerShell\v1.0\;C:\Program Files (x86)\Windows Live\Shared;C:\Program Files (x86)\ATI Technologies\ATI.ACE\Core-Static;C:\Program Files\Broadcom\Broadcom 802.11\Driver;C:\Program Files\WIDCOMM\Bluetooth Software\;C:\Program Files\WIDCOMM\Bluetooth Software\syswow64;C:\Program Files (x86)\Autodesk\Backburner\;C:\Program Files (x86)\QuickTime\QTSystem\;C:\Program Files (x86)\Skype\Phone\;C:\Program Files (x86)\AMD\ATI.ACE\Core-Static;C:\Program Files (x86)\OpenNI\Bin;C:\Program Files (x86)\PrimeSense\NITE\bin;C:\Users\Scotty\Documents\University\MDDN 412\eclipse;
USERNAME=Scotty
OS=Windows_NT
PROCESSOR_IDENTIFIER=Intel64 Family 6 Model 37 Stepping 5, GenuineIntel



---------------  S Y S T E M  ---------------

OS: Windows 7 , 64 bit Build 7601 (6.1.7601.19018)

CPU:total 4 (2 cores per cpu, 2 threads per core) family 6 model 37 stepping 5, cmov, cx8, fxsr, mmx, sse, sse2, sse3, ssse3, sse4.1, sse4.2, popcnt, ht, tsc, tscinvbit

Memory: 4k page, physical 3987312k(1338048k free), swap 7972788k(3044968k free)

vm_info: Java HotSpot(TM) 64-Bit Server VM (25.60-b23) for windows-amd64 JRE (1.8.0_60-b27), built on Aug  4 2015 11:06:27 by "java_re" with MS VC++ 10.0 (VS2010)

time: Wed Oct 28 10:25:13 2015
elapsed time: 16 seconds (0d 0h 0m 16s)

