#
# A fatal error has been detected by the Java Runtime Environment:
#
#  EXCEPTION_ACCESS_VIOLATION (0xc0000005) at pc=0x000007fedf5b8fb5, pid=2700, tid=6364
#
# JRE version: Java(TM) SE Runtime Environment (8.0_60-b27) (build 1.8.0_60-b27)
# Java VM: Java HotSpot(TM) 64-Bit Server VM (25.60-b23 mixed mode windows-amd64 compressed oops)
# Problematic frame:
# C  [Leap.dll+0x48fb5]
#
# Failed to write core dump. Minidumps are not enabled by default on client versions of Windows
#
# If you would like to submit a bug report, please visit:
#   http://bugreport.java.com/bugreport/crash.jsp
# The crash happened outside the Java Virtual Machine in native code.
# See problematic frame for where to report the bug.
#

---------------  T H R E A D  ---------------

Current thread (0x0000000054fd6800):  JavaThread "Finalizer" daemon [_thread_in_native, id=6364, stack(0x0000000056300000,0x0000000056400000)]

siginfo: ExceptionCode=0xc0000005, reading address 0x0000000000000020

Registers:
RAX=0x0000000000000000, RBX=0x000000005b8e6e20, RCX=0x000000005b8d61a0, RDX=0x000000005b8de040
RSP=0x00000000563ff2e0, RBP=0x00000000563ff470, RSI=0x000000005b8cd000, RDI=0x0000000000000644
R8 =0x0000000000000001, R9 =0x000000005b8e9cd8, R10=0x0000000000000001, R11=0x00000000563ff110
R12=0x000000005b8ccff0, R13=0x0000000000000000, R14=0x000000005b8de040, R15=0x000000005b8ccc90
RIP=0x000007fedf5b8fb5, EFLAGS=0x0000000000010206

Top of Stack: (sp=0x00000000563ff2e0)
0x00000000563ff2e0:   0000000000000001 0000000000000001
0x00000000563ff2f0:   0000000000000001 000000005b8cd000
0x00000000563ff300:   fffffffffffffffe 000000005b8e6df0
0x00000000563ff310:   0000000000000001 000000005b8ccff0
0x00000000563ff320:   ffffffffffffff01 000000000000001c
0x00000000563ff330:   00000a8c00002798 0000000000000008
0x00000000563ff340:   0000000000000000 0000000054fd6800
0x00000000563ff350:   0000000054fd6800 00000000563ff498
0x00000000563ff360:   00000000632d3de8 0000000000000000
0x00000000563ff370:   000000005b8e9cd0 0000000000000001
0x00000000563ff380:   000000005b8de040 000007fedf58790a
0x00000000563ff390:   000000005b8ccc90 000000005b8de040
0x00000000563ff3a0:   000000005b8e6e20 000000005b8cd000
0x00000000563ff3b0:   fffffffffffffffe 0000000054fd6800
0x00000000563ff3c0:   0000000000000108 000007fedf58fe36
0x00000000563ff3d0:   000000005b8de040 000000005b8de040 

Instructions: (pc=0x000007fedf5b8fb5)
0x000007fedf5b8f95:   24 c0 00 00 00 66 0f 1f 44 00 00 48 3b 5c 24 28
0x000007fedf5b8fa5:   0f 84 90 00 00 00 48 8b 4b 20 48 8b 01 49 8b d6
0x000007fedf5b8fb5:   ff 50 20 90 eb 28 45 33 ed 4c 8b bc 24 b0 00 00
0x000007fedf5b8fc5:   00 4c 8b b4 24 b8 00 00 00 4c 8b 64 24 38 48 8b 


Register to memory mapping:

RAX=0x0000000000000000 is an unknown value
RBX=0x000000005b8e6e20 is an unknown value
RCX=0x000000005b8d61a0 is an unknown value
RDX=0x000000005b8de040 is an unknown value
RSP=0x00000000563ff2e0 is pointing into the stack for thread: 0x0000000054fd6800
RBP=0x00000000563ff470 is pointing into the stack for thread: 0x0000000054fd6800
RSI=0x000000005b8cd000 is an unknown value
RDI=0x0000000000000644 is an unknown value
R8 =0x0000000000000001 is an unknown value
R9 =0x000000005b8e9cd8 is an unknown value
R10=0x0000000000000001 is an unknown value
R11=0x00000000563ff110 is pointing into the stack for thread: 0x0000000054fd6800
R12=0x000000005b8ccff0 is an unknown value
R13=0x0000000000000000 is an unknown value
R14=0x000000005b8de040 is an unknown value
R15=0x000000005b8ccc90 is an unknown value


Stack: [0x0000000056300000,0x0000000056400000],  sp=0x00000000563ff2e0,  free space=1020k
Native frames: (J=compiled Java code, j=interpreted, Vv=VM code, C=native code)
C  [Leap.dll+0x48fb5]
C  [Leap.dll+0x1790a]
C  [Leap.dll+0x1fe36]
C  0x00000000028a3b34

Java frames: (J=compiled Java code, j=interpreted, Vv=VM code)
j  com.leapmotion.leap.LeapJNI.delete_Controller(J)V+0
j  com.leapmotion.leap.Controller.delete()V+25
j  com.leapmotion.leap.Controller.finalize()V+1
j  java.lang.System$2.invokeFinalize(Ljava/lang/Object;)V+1
j  java.lang.ref.Finalizer.runFinalizer(Lsun/misc/JavaLangAccess;)V+46
j  java.lang.ref.Finalizer.access$100(Ljava/lang/ref/Finalizer;Lsun/misc/JavaLangAccess;)V+2
j  java.lang.ref.Finalizer$FinalizerThread.run()V+45
v  ~StubRoutines::call_stub

---------------  P R O C E S S  ---------------

Java Threads: ( => current thread )
  0x000000005aaaa000 JavaThread "Thread-5" [_thread_blocked, id=5700, stack(0x0000000064790000,0x0000000064890000)]
  0x000000005770d800 JavaThread "Thread-4" [_thread_blocked, id=1688, stack(0x0000000058240000,0x0000000058340000)]
  0x000000005b0f9800 JavaThread "Thread-3" [_thread_in_native, id=2864, stack(0x0000000060980000,0x0000000060a80000)]
  0x00000000576f5800 JavaThread "TimerQueue" daemon [_thread_blocked, id=6220, stack(0x000000005cd50000,0x000000005ce50000)]
  0x000000005706d800 JavaThread "D3D Screen Updater" daemon [_thread_blocked, id=1556, stack(0x000000005ce60000,0x000000005cf60000)]
  0x00000000004ce000 JavaThread "DestroyJavaVM" [_thread_blocked, id=10136, stack(0x00000000024c0000,0x00000000025c0000)]
  0x0000000056ff5000 JavaThread "AWT-EventQueue-0" [_thread_blocked, id=10008, stack(0x00000000583a0000,0x00000000584a0000)]
  0x0000000056f9d800 JavaThread "AWT-Windows" daemon [_thread_in_native, id=4564, stack(0x0000000057c00000,0x0000000057d00000)]
  0x0000000056f9d000 JavaThread "AWT-Shutdown" [_thread_blocked, id=6996, stack(0x0000000057ad0000,0x0000000057bd0000)]
  0x0000000056f9c800 JavaThread "Java2D Disposer" daemon [_thread_blocked, id=4636, stack(0x0000000057890000,0x0000000057990000)]
  0x000000005658b000 JavaThread "Service Thread" daemon [_thread_blocked, id=6992, stack(0x00000000560a0000,0x00000000561a0000)]
  0x000000005503f800 JavaThread "C1 CompilerThread2" daemon [_thread_blocked, id=8296, stack(0x0000000056c10000,0x0000000056d10000)]
  0x0000000056510800 JavaThread "C2 CompilerThread1" daemon [_thread_blocked, id=7212, stack(0x0000000056aa0000,0x0000000056ba0000)]
  0x0000000055037000 JavaThread "C2 CompilerThread0" daemon [_thread_blocked, id=9968, stack(0x0000000056980000,0x0000000056a80000)]
  0x0000000055034000 JavaThread "Attach Listener" daemon [_thread_blocked, id=9820, stack(0x0000000056400000,0x0000000056500000)]
  0x0000000055031000 JavaThread "Signal Dispatcher" daemon [_thread_blocked, id=6148, stack(0x0000000055e30000,0x0000000055f30000)]
=>0x0000000054fd6800 JavaThread "Finalizer" daemon [_thread_in_native, id=6364, stack(0x0000000056300000,0x0000000056400000)]
  0x0000000054fcf800 JavaThread "Reference Handler" daemon [_thread_blocked, id=3496, stack(0x00000000561b0000,0x00000000562b0000)]

Other Threads:
  0x0000000054fca000 VMThread [stack: 0x0000000055f80000,0x0000000056080000] [id=5628]
  0x0000000056597800 WatcherThread [stack: 0x0000000056e80000,0x0000000056f80000] [id=2064]

VM state:not at safepoint (normal execution)

VM Mutex/Monitor currently owned by a thread: None

Heap:
 PSYoungGen      total 70656K, used 12530K [0x00000000ebb80000, 0x00000000f3a00000, 0x0000000100000000)
  eden space 59904K, 2% used [0x00000000ebb80000,0x00000000ebd3dcc8,0x00000000ef600000)
  from space 10752K, 99% used [0x00000000ef600000,0x00000000f007ec00,0x00000000f0080000)
  to   space 24064K, 0% used [0x00000000f2280000,0x00000000f2280000,0x00000000f3a00000)
 ParOldGen       total 144896K, used 81413K [0x00000000c3200000, 0x00000000cbf80000, 0x00000000ebb80000)
  object space 144896K, 56% used [0x00000000c3200000,0x00000000c8181410,0x00000000cbf80000)
 Metaspace       used 14999K, capacity 15186K, committed 15488K, reserved 1062912K
  class space    used 1839K, capacity 1899K, committed 1920K, reserved 1048576K

Card table byte_map: [0x0000000011c50000,0x0000000011e40000] byte_map_base: 0x0000000011637000

Marking Bits: (ParMarkBitMap*) 0x0000000068c5a5b0
 Begin Bits: [0x00000000125e0000, 0x0000000013518000)
 End Bits:   [0x0000000013518000, 0x0000000014450000)

Polling page: 0x0000000000450000

CodeCache: size=245760Kb used=8437Kb max_used=8455Kb free=237322Kb
 bounds [0x0000000002890000, 0x00000000030f0000, 0x0000000011890000]
 total_blobs=2800 nmethods=2242 adapters=470
 compilation: enabled

Compilation events (10 events):
Event: 25.865 Thread 0x000000005503f800 2272       3       java.awt.geom.RectIterator::currentSegment (129 bytes)
Event: 25.865 Thread 0x000000005503f800 nmethod 2272 0x00000000030c62d0 code [0x00000000030c6480, 0x00000000030c6a58]
Event: 25.866 Thread 0x000000005503f800 2271       1       javax.swing.text.View::getElement (5 bytes)
Event: 25.866 Thread 0x000000005503f800 nmethod 2271 0x000000000308a990 code [0x000000000308aae0, 0x000000000308abf0]
Event: 26.073 Thread 0x0000000056510800 2273   !   4       javax.swing.RepaintManager::addDirtyRegion0 (205 bytes)
Event: 26.137 Thread 0x0000000056510800 nmethod 2273 0x00000000030da450 code [0x00000000030da7e0, 0x00000000030dd428]
Event: 26.653 Thread 0x000000005503f800 2274   !   3       java.lang.ref.ReferenceQueue::enqueue (119 bytes)
Event: 26.654 Thread 0x000000005503f800 nmethod 2274 0x000000000307d6d0 code [0x000000000307d860, 0x000000000307dfa8]
Event: 26.654 Thread 0x000000005503f800 2275       3       java.lang.ref.ReferenceQueue::reallyPoll (66 bytes)
Event: 26.654 Thread 0x000000005503f800 nmethod 2275 0x000000000309e290 code [0x000000000309e400, 0x000000000309e870]

GC Heap History (10 events):
Event: 13.025 GC heap before
{Heap before GC invocations=6 (full 2):
 PSYoungGen      total 34304K, used 30406K [0x00000000ebb80000, 0x00000000eeb80000, 0x0000000100000000)
  eden space 31744K, 95% used [0x00000000ebb80000,0x00000000ed931a70,0x00000000eda80000)
  from space 2560K, 0% used [0x00000000eda80000,0x00000000eda80000,0x00000000edd00000)
  to   space 2560K, 0% used [0x00000000ee900000,0x00000000ee900000,0x00000000eeb80000)
 ParOldGen       total 93184K, used 27040K [0x00000000c3200000, 0x00000000c8d00000, 0x00000000ebb80000)
  object space 93184K, 29% used [0x00000000c3200000,0x00000000c4c68130,0x00000000c8d00000)
 Metaspace       used 14904K, capacity 15104K, committed 15232K, reserved 1062912K
  class space    used 1831K, capacity 1896K, committed 1920K, reserved 1048576K
Event: 13.030 GC heap after
Heap after GC invocations=6 (full 2):
 PSYoungGen      total 46592K, used 2545K [0x00000000ebb80000, 0x00000000eec00000, 0x0000000100000000)
  eden space 44032K, 0% used [0x00000000ebb80000,0x00000000ebb80000,0x00000000ee680000)
  from space 2560K, 99% used [0x00000000ee900000,0x00000000eeb7c510,0x00000000eeb80000)
  to   space 2560K, 0% used [0x00000000ee680000,0x00000000ee680000,0x00000000ee900000)
 ParOldGen       total 93184K, used 34821K [0x00000000c3200000, 0x00000000c8d00000, 0x00000000ebb80000)
  object space 93184K, 37% used [0x00000000c3200000,0x00000000c54016a0,0x00000000c8d00000)
 Metaspace       used 14904K, capacity 15104K, committed 15232K, reserved 1062912K
  class space    used 1831K, capacity 1896K, committed 1920K, reserved 1048576K
}
Event: 14.029 GC heap before
{Heap before GC invocations=7 (full 2):
 PSYoungGen      total 46592K, used 46577K [0x00000000ebb80000, 0x00000000eec00000, 0x0000000100000000)
  eden space 44032K, 100% used [0x00000000ebb80000,0x00000000ee680000,0x00000000ee680000)
  from space 2560K, 99% used [0x00000000ee900000,0x00000000eeb7c510,0x00000000eeb80000)
  to   space 2560K, 0% used [0x00000000ee680000,0x00000000ee680000,0x00000000ee900000)
 ParOldGen       total 93184K, used 34821K [0x00000000c3200000, 0x00000000c8d00000, 0x00000000ebb80000)
  object space 93184K, 37% used [0x00000000c3200000,0x00000000c54016a0,0x00000000c8d00000)
 Metaspace       used 14916K, capacity 15110K, committed 15232K, reserved 1062912K
  class space    used 1832K, capacity 1897K, committed 1920K, reserved 1048576K
Event: 14.045 GC heap after
Heap after GC invocations=7 (full 2):
 PSYoungGen      total 46592K, used 2556K [0x00000000ebb80000, 0x00000000f0900000, 0x0000000100000000)
  eden space 44032K, 0% used [0x00000000ebb80000,0x00000000ebb80000,0x00000000ee680000)
  from space 2560K, 99% used [0x00000000ee680000,0x00000000ee8ff210,0x00000000ee900000)
  to   space 8704K, 0% used [0x00000000f0080000,0x00000000f0080000,0x00000000f0900000)
 ParOldGen       total 93184K, used 71164K [0x00000000c3200000, 0x00000000c8d00000, 0x00000000ebb80000)
  object space 93184K, 76% used [0x00000000c3200000,0x00000000c777f390,0x00000000c8d00000)
 Metaspace       used 14916K, capacity 15110K, committed 15232K, reserved 1062912K
  class space    used 1832K, capacity 1897K, committed 1920K, reserved 1048576K
}
Event: 14.045 GC heap before
{Heap before GC invocations=8 (full 3):
 PSYoungGen      total 46592K, used 2556K [0x00000000ebb80000, 0x00000000f0900000, 0x0000000100000000)
  eden space 44032K, 0% used [0x00000000ebb80000,0x00000000ebb80000,0x00000000ee680000)
  from space 2560K, 99% used [0x00000000ee680000,0x00000000ee8ff210,0x00000000ee900000)
  to   space 8704K, 0% used [0x00000000f0080000,0x00000000f0080000,0x00000000f0900000)
 ParOldGen       total 93184K, used 71164K [0x00000000c3200000, 0x00000000c8d00000, 0x00000000ebb80000)
  object space 93184K, 76% used [0x00000000c3200000,0x00000000c777f390,0x00000000c8d00000)
 Metaspace       used 14916K, capacity 15110K, committed 15232K, reserved 1062912K
  class space    used 1832K, capacity 1897K, committed 1920K, reserved 1048576K
Event: 14.106 GC heap after
Heap after GC invocations=8 (full 3):
 PSYoungGen      total 46592K, used 0K [0x00000000ebb80000, 0x00000000f0900000, 0x0000000100000000)
  eden space 44032K, 0% used [0x00000000ebb80000,0x00000000ebb80000,0x00000000ee680000)
  from space 2560K, 0% used [0x00000000ee680000,0x00000000ee680000,0x00000000ee900000)
  to   space 8704K, 0% used [0x00000000f0080000,0x00000000f0080000,0x00000000f0900000)
 ParOldGen       total 144896K, used 53320K [0x00000000c3200000, 0x00000000cbf80000, 0x00000000ebb80000)
  object space 144896K, 36% used [0x00000000c3200000,0x00000000c6612190,0x00000000cbf80000)
 Metaspace       used 14916K, capacity 15110K, committed 15232K, reserved 1062912K
  class space    used 1832K, capacity 1897K, committed 1920K, reserved 1048576K
}
Event: 22.491 GC heap before
{Heap before GC invocations=9 (full 3):
 PSYoungGen      total 46592K, used 44032K [0x00000000ebb80000, 0x00000000f0900000, 0x0000000100000000)
  eden space 44032K, 100% used [0x00000000ebb80000,0x00000000ee680000,0x00000000ee680000)
  from space 2560K, 0% used [0x00000000ee680000,0x00000000ee680000,0x00000000ee900000)
  to   space 8704K, 0% used [0x00000000f0080000,0x00000000f0080000,0x00000000f0900000)
 ParOldGen       total 144896K, used 53320K [0x00000000c3200000, 0x00000000cbf80000, 0x00000000ebb80000)
  object space 144896K, 36% used [0x00000000c3200000,0x00000000c6612190,0x00000000cbf80000)
 Metaspace       used 14930K, capacity 15110K, committed 15232K, reserved 1062912K
  class space    used 1832K, capacity 1897K, committed 1920K, reserved 1048576K
Event: 22.497 GC heap after
Heap after GC invocations=9 (full 3):
 PSYoungGen      total 68608K, used 8481K [0x00000000ebb80000, 0x00000000f0d00000, 0x0000000100000000)
  eden space 59904K, 0% used [0x00000000ebb80000,0x00000000ebb80000,0x00000000ef600000)
  from space 8704K, 97% used [0x00000000f0080000,0x00000000f08c87b0,0x00000000f0900000)
  to   space 10752K, 0% used [0x00000000ef600000,0x00000000ef600000,0x00000000f0080000)
 ParOldGen       total 144896K, used 58953K [0x00000000c3200000, 0x00000000cbf80000, 0x00000000ebb80000)
  object space 144896K, 40% used [0x00000000c3200000,0x00000000c6b925c0,0x00000000cbf80000)
 Metaspace       used 14930K, capacity 15110K, committed 15232K, reserved 1062912K
  class space    used 1832K, capacity 1897K, committed 1920K, reserved 1048576K
}
Event: 26.638 GC heap before
{Heap before GC invocations=10 (full 3):
 PSYoungGen      total 68608K, used 68385K [0x00000000ebb80000, 0x00000000f0d00000, 0x0000000100000000)
  eden space 59904K, 100% used [0x00000000ebb80000,0x00000000ef600000,0x00000000ef600000)
  from space 8704K, 97% used [0x00000000f0080000,0x00000000f08c87b0,0x00000000f0900000)
  to   space 10752K, 0% used [0x00000000ef600000,0x00000000ef600000,0x00000000f0080000)
 ParOldGen       total 144896K, used 58953K [0x00000000c3200000, 0x00000000cbf80000, 0x00000000ebb80000)
  object space 144896K, 40% used [0x00000000c3200000,0x00000000c6b925c0,0x00000000cbf80000)
 Metaspace       used 14998K, capacity 15186K, committed 15488K, reserved 1062912K
  class space    used 1839K, capacity 1899K, committed 1920K, reserved 1048576K
Event: 26.652 GC heap after
Heap after GC invocations=10 (full 3):
 PSYoungGen      total 70656K, used 10747K [0x00000000ebb80000, 0x00000000f3a00000, 0x0000000100000000)
  eden space 59904K, 0% used [0x00000000ebb80000,0x00000000ebb80000,0x00000000ef600000)
  from space 10752K, 99% used [0x00000000ef600000,0x00000000f007ec00,0x00000000f0080000)
  to   space 24064K, 0% used [0x00000000f2280000,0x00000000f2280000,0x00000000f3a00000)
 ParOldGen       total 144896K, used 81413K [0x00000000c3200000, 0x00000000cbf80000, 0x00000000ebb80000)
  object space 144896K, 56% used [0x00000000c3200000,0x00000000c8181410,0x00000000cbf80000)
 Metaspace       used 14998K, capacity 15186K, committed 15488K, reserved 1062912K
  class space    used 1839K, capacity 1899K, committed 1920K, reserved 1048576K
}

Deoptimization events (10 events):
Event: 14.460 Thread 0x0000000056ff5000 Uncommon trap: reason=unstable_if action=reinterpret pc=0x0000000002ffb918 method=front.drawSearch.actionPerformed(Ljava/awt/event/ActionEvent;)V @ 27
Event: 21.493 Thread 0x0000000056ff5000 Uncommon trap: reason=unstable_if action=reinterpret pc=0x0000000002f42d1c method=java.util.concurrent.locks.AbstractQueuedSynchronizer.isOnSyncQueue(Ljava/util/concurrent/locks/AbstractQueuedSynchronizer$Node;)Z @ 22
Event: 23.638 Thread 0x0000000056ff5000 Uncommon trap: reason=unstable_if action=reinterpret pc=0x0000000002f025f4 method=java.util.IdentityHashMap.put(Ljava/lang/Object;Ljava/lang/Object;)Ljava/lang/Object; @ 32
Event: 23.673 Thread 0x0000000056ff5000 Uncommon trap: reason=unstable_if action=reinterpret pc=0x0000000002eaae20 method=sun.java2d.SunGraphics2D.validateColor()V @ 38
Event: 23.673 Thread 0x0000000056ff5000 Uncommon trap: reason=unstable_if action=reinterpret pc=0x0000000002ecf048 method=sun.java2d.SunGraphics2D.validateColor()V @ 38
Event: 23.673 Thread 0x0000000056ff5000 Uncommon trap: reason=unstable_if action=reinterpret pc=0x0000000002eaf030 method=sun.java2d.pipe.BufferedContext.validate(Lsun/java2d/pipe/hw/AccelSurface;Lsun/java2d/pipe/hw/AccelSurface;Lsun/java2d/pipe/Region;Ljava/awt/Composite;Ljava/awt/geom/AffineTr›~n’t¨7@
Event: 23.674 Thread 0x0000000056ff5000 Uncommon trap: reason=unstable_if action=reinterpret pc=0x0000000003004cf8 method=sun.java2d.d3d.D3DSurfaceData.validatePipe(Lsun/java2d/SunGraphics2D;)V @ 46
Event: 23.674 Thread 0x0000000056ff5000 Uncommon trap: reason=unstable_if action=reinterpret pc=0x0000000002e64180 method=sun.java2d.d3d.D3DBlitLoops.IsoBlit(Lsun/java2d/SurfaceData;Lsun/java2d/SurfaceData;Ljava/awt/image/BufferedImage;Ljava/awt/image/BufferedImageOp;Ljava/awt/Composite;Lsun/jav
Event: 23.675 Thread 0x0000000056ff5000 Uncommon trap: reason=bimorphic action=maybe_recompile pc=0x0000000002e85b8c method=sun.java2d.d3d.D3DRenderer.validateContext(Lsun/java2d/SunGraphics2D;)V @ 4
Event: 23.675 Thread 0x0000000056ff5000 Uncommon trap: reason=bimorphic action=maybe_recompile pc=0x0000000002e85b8c method=sun.java2d.d3d.D3DRenderer.validateContext(Lsun/java2d/SunGraphics2D;)V @ 4

Internal exceptions (10 events):
Event: 1.358 Thread 0x0000000056ff5000 Exception <a 'java/io/FileNotFoundException'> (0x00000000ebee9f38) thrown at [C:\re\workspace\8-2-build-windows-amd64-cygwin\jdk8u60\4407\hotspot\src\share\vm\prims\jni.cpp, line 709]
Event: 1.371 Thread 0x0000000056ff5000 Exception <a 'java/io/FileNotFoundException'> (0x00000000ebf5ed00) thrown at [C:\re\workspace\8-2-build-windows-amd64-cygwin\jdk8u60\4407\hotspot\src\share\vm\prims\jni.cpp, line 709]
Event: 1.371 Thread 0x0000000056ff5000 Exception <a 'java/io/FileNotFoundException'> (0x00000000ebf60fa8) thrown at [C:\re\workspace\8-2-build-windows-amd64-cygwin\jdk8u60\4407\hotspot\src\share\vm\prims\jni.cpp, line 709]
Event: 1.375 Thread 0x0000000056ff5000 Exception <a 'java/io/FileNotFoundException'> (0x00000000ebf6e790) thrown at [C:\re\workspace\8-2-build-windows-amd64-cygwin\jdk8u60\4407\hotspot\src\share\vm\prims\jni.cpp, line 709]
Event: 1.375 Thread 0x0000000056ff5000 Exception <a 'java/io/FileNotFoundException'> (0x00000000ebf70de0) thrown at [C:\re\workspace\8-2-build-windows-amd64-cygwin\jdk8u60\4407\hotspot\src\share\vm\prims\jni.cpp, line 709]
Event: 1.377 Thread 0x0000000056ff5000 Exception <a 'java/io/FileNotFoundException'> (0x00000000ebf78780) thrown at [C:\re\workspace\8-2-build-windows-amd64-cygwin\jdk8u60\4407\hotspot\src\share\vm\prims\jni.cpp, line 709]
Event: 1.378 Thread 0x0000000056ff5000 Exception <a 'java/io/FileNotFoundException'> (0x00000000ebf79c78) thrown at [C:\re\workspace\8-2-build-windows-amd64-cygwin\jdk8u60\4407\hotspot\src\share\vm\prims\jni.cpp, line 709]
Event: 1.379 Thread 0x0000000056ff5000 Exception <a 'java/io/FileNotFoundException'> (0x00000000ebf7f320) thrown at [C:\re\workspace\8-2-build-windows-amd64-cygwin\jdk8u60\4407\hotspot\src\share\vm\prims\jni.cpp, line 709]
Event: 2.371 Thread 0x0000000056ff5000 Implicit null exception at 0x0000000002be8805 to 0x0000000002be8941
Event: 10.525 Thread 0x0000000056ff5000 Implicit null exception at 0x0000000002eb6bc7 to 0x0000000002eb6cee

Events (10 events):
Event: 26.653 Executing VM operation: RevokeBias
Event: 26.653 Executing VM operation: RevokeBias done
Event: 26.653 Executing VM operation: RevokeBias
Event: 26.653 Executing VM operation: RevokeBias done
Event: 26.654 Executing VM operation: RevokeBias
Event: 26.654 Executing VM operation: RevokeBias done
Event: 26.654 Executing VM operation: RevokeBias
Event: 26.654 Executing VM operation: RevokeBias done
Event: 26.654 Executing VM operation: BulkRevokeBias
Event: 26.654 Executing VM operation: BulkRevokeBias done


Dynamic libraries:
0x000000013f2a0000 - 0x000000013f2d7000 	C:\Program Files\Java\jre1.8.0_60\bin\javaw.exe
0x0000000076f10000 - 0x00000000770b9000 	C:\Windows\SYSTEM32\ntdll.dll
0x0000000076cf0000 - 0x0000000076e10000 	C:\Windows\system32\kernel32.dll
0x000007fefbb20000 - 0x000007fefbb8c000 	C:\Windows\system32\KERNELBASE.dll
0x000007fefde20000 - 0x000007fefdefb000 	C:\Windows\system32\ADVAPI32.dll
0x000007fefbd50000 - 0x000007fefbdef000 	C:\Windows\system32\msvcrt.dll
0x000007fefcec0000 - 0x000007fefcedf000 	C:\Windows\SYSTEM32\sechost.dll
0x000007fefbdf0000 - 0x000007fefbf1d000 	C:\Windows\system32\RPCRT4.dll
0x0000000076e10000 - 0x0000000076f0a000 	C:\Windows\system32\USER32.dll
0x000007fefd8a0000 - 0x000007fefd907000 	C:\Windows\system32\GDI32.dll
0x000007fefd940000 - 0x000007fefd94e000 	C:\Windows\system32\LPK.dll
0x000007fefbf20000 - 0x000007fefbfe9000 	C:\Windows\system32\USP10.dll
0x000007fefa3a0000 - 0x000007fefa594000 	C:\Windows\WinSxS\amd64_microsoft.windows.common-controls_6595b64144ccf1df_6.0.7601.18837_none_fa3b1e3d17594757\COMCTL32.dll
0x000007fefcd80000 - 0x000007fefcdf1000 	C:\Windows\system32\SHLWAPI.dll
0x000007fefd910000 - 0x000007fefd93e000 	C:\Windows\system32\IMM32.DLL
0x000007fefd190000 - 0x000007fefd299000 	C:\Windows\system32\MSCTF.dll
0x000007feefbb0000 - 0x000007feefc29000 	C:\Program Files (x86)\AVG\Av\avghooka.dll
0x00000000638d0000 - 0x00000000639a2000 	C:\Program Files\Java\jre1.8.0_60\bin\msvcr100.dll
0x0000000068450000 - 0x0000000068cd9000 	C:\Program Files\Java\jre1.8.0_60\bin\server\jvm.dll
0x000007fef6af0000 - 0x000007fef6af9000 	C:\Windows\system32\WSOCK32.dll
0x000007fefd2a0000 - 0x000007fefd2ed000 	C:\Windows\system32\WS2_32.dll
0x000007fefdc80000 - 0x000007fefdc88000 	C:\Windows\system32\NSI.dll
0x000007fef9a40000 - 0x000007fef9a7b000 	C:\Windows\system32\WINMM.dll
0x000007fefaa30000 - 0x000007fefaa3c000 	C:\Windows\system32\VERSION.dll
0x00000000770e0000 - 0x00000000770e7000 	C:\Windows\system32\PSAPI.DLL
0x000000006f820000 - 0x000000006f82f000 	C:\Program Files\Java\jre1.8.0_60\bin\verify.dll
0x000000006f7f0000 - 0x000000006f819000 	C:\Program Files\Java\jre1.8.0_60\bin\java.dll
0x000000006f7d0000 - 0x000000006f7e6000 	C:\Program Files\Java\jre1.8.0_60\bin\zip.dll
0x000007fefbff0000 - 0x000007fefcd79000 	C:\Windows\system32\SHELL32.dll
0x000007fefcf80000 - 0x000007fefd183000 	C:\Windows\system32\ole32.dll
0x000007fefb990000 - 0x000007fefb99f000 	C:\Windows\system32\profapi.dll
0x0000000060c30000 - 0x0000000060dc8000 	C:\Program Files\Java\jre1.8.0_60\bin\awt.dll
0x000007fefd7c0000 - 0x000007fefd897000 	C:\Windows\system32\OLEAUT32.dll
0x000007fef9b50000 - 0x000007fef9b68000 	C:\Windows\system32\DWMAPI.DLL
0x000007fefa1c0000 - 0x000007fefa216000 	C:\Windows\system32\uxtheme.dll
0x000007fefb7f0000 - 0x000007fefb7ff000 	C:\Windows\system32\CRYPTBASE.dll
0x000007fee0d50000 - 0x000007fee0f4f000 	C:\Windows\system32\d3d9.dll
0x000007feee180000 - 0x000007feee187000 	C:\Windows\system32\d3d8thk.dll
0x000007feee120000 - 0x000007feee12d000 	C:\Windows\system32\atiu9p64.dll
0x00000000615b0000 - 0x0000000061aaf000 	C:\Windows\system32\atiumd64.dll
0x000000005d770000 - 0x000000005da8b000 	C:\Windows\system32\atiumd6a.dll
0x000007fefb190000 - 0x000007fefb1a8000 	C:\Windows\system32\CRYPTSP.dll
0x000007fefae90000 - 0x000007fefaed7000 	C:\Windows\system32\rsaenh.dll
0x000007fefbd30000 - 0x000007fefbd4e000 	C:\Windows\system32\USERENV.dll
0x000000006f250000 - 0x000000006f26a000 	C:\Program Files\Java\jre1.8.0_60\bin\net.dll
0x000007fefb130000 - 0x000007fefb185000 	C:\Windows\system32\mswsock.dll
0x000007fefb120000 - 0x000007fefb127000 	C:\Windows\System32\wship6.dll
0x000007fef84b0000 - 0x000007fef84d7000 	C:\Windows\system32\IPHLPAPI.DLL
0x000007fef8720000 - 0x000007fef872b000 	C:\Windows\system32\WINNSI.DLL
0x000007fef83e0000 - 0x000007fef83f8000 	C:\Windows\system32\dhcpcsvc.DLL
0x000007fef83c0000 - 0x000007fef83d1000 	C:\Windows\system32\dhcpcsvc6.DLL
0x000000006f470000 - 0x000000006f481000 	C:\Program Files\Java\jre1.8.0_60\bin\nio.dll
0x00000000613f0000 - 0x0000000061437000 	C:\Program Files\Java\jre1.8.0_60\bin\fontmanager.dll
0x0000000056900000 - 0x0000000056965000 	C:\Program Files\WIDCOMM\Bluetooth Software\btmmhook.dll
0x000007fefcee0000 - 0x000007fefcf79000 	C:\Windows\system32\CLBCatQ.DLL
0x0000000063ab0000 - 0x0000000063af2000 	C:\Program Files\Java\jre1.8.0_60\bin\t2k.dll
0x000007fef98d0000 - 0x000007fef9a31000 	C:\Windows\system32\WindowsCodecs.dll
0x000007fefb790000 - 0x000007fefb7e7000 	C:\Windows\system32\apphelp.dll
0x000007fef6660000 - 0x000007fef6720000 	C:\Program Files (x86)\Google\Drive\googledrivesync64.dll
0x00000000716c0000 - 0x0000000071793000 	C:\Windows\WinSxS\amd64_microsoft.vc90.crt_1fc8b3b9a1e18e3b_9.0.30729.6161_none_08e61857a83bc251\MSVCP90.dll
0x0000000071610000 - 0x00000000716b3000 	C:\Windows\WinSxS\amd64_microsoft.vc90.crt_1fc8b3b9a1e18e3b_9.0.30729.6161_none_08e61857a83bc251\MSVCR90.dll
0x000007fef5480000 - 0x000007fef54bb000 	C:\Users\Scotty\AppData\Roaming\Dropbox\bin\DropboxExt64.28.dll
0x000007feeea20000 - 0x000007feeea5e000 	C:\Users\Scotty\git\SignLanguageProject\SignLanguageProject\LeapJava.dll
0x000007fee5730000 - 0x000007fee57d6000 	C:\Program Files\Java\jre1.8.0_60\bin\MSVCP120.dll
0x000007fee0460000 - 0x000007fee054f000 	C:\Program Files\Java\jre1.8.0_60\bin\MSVCR120.dll
0x000007fedf570000 - 0x000007fedf7ce000 	C:\Users\Scotty\git\SignLanguageProject\SignLanguageProject\Leap.dll
0x000007fef9500000 - 0x000007fef952d000 	C:\Windows\system32\ntmarta.dll
0x000007fefdc20000 - 0x000007fefdc72000 	C:\Windows\system32\WLDAP32.dll
0x000007fef4350000 - 0x000007fef4475000 	C:\Windows\system32\dbghelp.dll

VM Arguments:
jvm_args: -Dfile.encoding=Cp1252 
java_command: front.GUIv2
java_class_path (initial): C:\Users\Scotty\git\SignLanguageProject\SignLanguageProject\bin;C:\Users\Scotty\git\SignLanguageProject\SignLanguageProject\dependencies\LeapJava.jar
Launcher Type: SUN_STANDARD

Environment Variables:
CLASSPATH=C:\Program Files (x86)\OpenNI\Bin\org.OpenNI.jar
PATH=C:\Users\Scotty\git\SignLanguageProject\SignLanguageProject;s/Java/jre1.8.0_60/bin;C:/Program Files/Java/jre1.8.0_60/lib/amd64;C:\ProgramData\Oracle\Java\javapath;C:\Program Files (x86)\NVIDIA Corporation\PhysX\Common;C:\Program Files\Common Files\Microsoft Shared\Windows Live;C:\Program Files (x86)\Common Files\Microsoft Shared\Windows Live;C:\Windows\system32;C:\Windows;C:\Windows\System32\Wbem;C:\Windows\System32\WindowsPowerShell\v1.0\;C:\Program Files (x86)\Windows Live\Shared;C:\Program Files (x86)\ATI Technologies\ATI.ACE\Core-Static;C:\Program Files\Broadcom\Broadcom 802.11\Driver;C:\Program Files\WIDCOMM\Bluetooth Software\;C:\Program Files\WIDCOMM\Bluetooth Software\syswow64;C:\Program Files (x86)\Autodesk\Backburner\;C:\Program Files (x86)\QuickTime\QTSystem\;C:\Program Files (x86)\Skype\Phone\;C:\Program Files (x86)\AMD\ATI.ACE\Core-Static;C:\Program Files (x86)\OpenNI\Bin;C:\Program Files (x86)\PrimeSense\NITE\bin;C:\Users\Scotty\Documents\University\MDDN 412\eclipse;C:/Program Files/Java/jre1.8.0_60/bin/server;C:/Program Files/Java/jre1.8.0_60/bin;C:/Program Files/Java/jre1.8.0_60/lib/amd64;C:\ProgramData\Oracle\Java\javapath;C:\Program Files (x86)\NVIDIA Corporation\PhysX\Common;C:\Program Files\Common Files\Microsoft Shared\Windows Live;C:\Program Files (x86)\Common Files\Microsoft Shared\Windows Live;C:\Windows\system32;C:\Windows;C:\Windows\System32\Wbem;C:\Windows\System32\WindowsPowerShell\v1.0\;C:\Program Files (x86)\Windows Live\Shared;C:\Program Files (x86)\ATI Technologies\ATI.ACE\Core-Static;C:\Program Files\Broadcom\Broadcom 802.11\Driver;C:\Program Files\WIDCOMM\Bluetooth Software\;C:\Program Files\WIDCOMM\Bluetooth Software\syswow64;C:\Program Files (x86)\Autodesk\Backburner\;C:\Program Files (x86)\QuickTime\QTSystem\;C:\Program Files (x86)\Skype\Phone\;C:\Program Files (x86)\AMD\ATI.ACE\Core-Static;C:\Program Files (x86)\OpenNI\Bin;C:\Program Files (x86)\PrimeSense\NITE\bin;C:\Users\Scotty\Documents\University\MDDN 412\eclipse;
USERNAME=Scotty
OS=Windows_NT
PROCESSOR_IDENTIFIER=Intel64 Family 6 Model 37 Stepping 5, GenuineIntel



---------------  S Y S T E M  ---------------

OS: Windows 7 , 64 bit Build 7601 (6.1.7601.19018)

CPU:total 4 (2 cores per cpu, 2 threads per core) family 6 model 37 stepping 5, cmov, cx8, fxsr, mmx, sse, sse2, sse3, ssse3, sse4.1, sse4.2, popcnt, ht, tsc, tscinvbit

Memory: 4k page, physical 3987312k(1556924k free), swap 7972788k(3207388k free)

vm_info: Java HotSpot(TM) 64-Bit Server VM (25.60-b23) for windows-amd64 JRE (1.8.0_60-b27), built on Aug  4 2015 11:06:27 by "java_re" with MS VC++ 10.0 (VS2010)

time: Wed Oct 28 12:42:07 2015
elapsed time: 26 seconds (0d 0h 0m 26s)

